update-alternatives 2014-11-03 14:06:12: run with --install /usr/bin/compare compare /usr/bin/compare.im6 100 --slave /usr/share/man/man1/compare.1.gz compare.1.gz /usr/share/man/man1/compare.im6.1.gz
update-alternatives 2014-11-03 14:06:12: link group compare updated to point to /usr/bin/compare.im6
update-alternatives 2014-11-03 14:06:12: run with --install /usr/bin/animate animate /usr/bin/animate.im6 100 --slave /usr/share/man/man1/animate.1.gz animate.1.gz /usr/share/man/man1/animate.im6.1.gz
update-alternatives 2014-11-03 14:06:12: link group animate updated to point to /usr/bin/animate.im6
update-alternatives 2014-11-03 14:06:12: run with --install /usr/bin/convert convert /usr/bin/convert.im6 100 --slave /usr/share/man/man1/convert.1.gz convert.1.gz /usr/share/man/man1/convert.im6.1.gz
update-alternatives 2014-11-03 14:06:12: link group convert updated to point to /usr/bin/convert.im6
update-alternatives 2014-11-03 14:06:12: run with --install /usr/bin/composite composite /usr/bin/composite.im6 100 --slave /usr/share/man/man1/composite.1.gz composite.1.gz /usr/share/man/man1/composite.im6.1.gz
update-alternatives 2014-11-03 14:06:12: link group composite updated to point to /usr/bin/composite.im6
update-alternatives 2014-11-03 14:06:12: run with --install /usr/bin/conjure conjure /usr/bin/conjure.im6 100 --slave /usr/share/man/man1/conjure.1.gz conjure.1.gz /usr/share/man/man1/conjure.im6.1.gz
update-alternatives 2014-11-03 14:06:12: link group conjure updated to point to /usr/bin/conjure.im6
update-alternatives 2014-11-03 14:06:12: run with --install /usr/bin/import import /usr/bin/import.im6 100 --slave /usr/share/man/man1/import.1.gz import.1.gz /usr/share/man/man1/import.im6.1.gz
update-alternatives 2014-11-03 14:06:12: link group import updated to point to /usr/bin/import.im6
update-alternatives 2014-11-03 14:06:12: run with --install /usr/bin/identify identify /usr/bin/identify.im6 100 --slave /usr/share/man/man1/identify.1.gz identify.1.gz /usr/share/man/man1/identify.im6.1.gz
update-alternatives 2014-11-03 14:06:12: link group identify updated to point to /usr/bin/identify.im6
update-alternatives 2014-11-03 14:06:12: run with --install /usr/bin/stream stream /usr/bin/stream.im6 100 --slave /usr/share/man/man1/stream.1.gz stream.1.gz /usr/share/man/man1/stream.im6.1.gz
update-alternatives 2014-11-03 14:06:12: link group stream updated to point to /usr/bin/stream.im6
update-alternatives 2014-11-03 14:06:12: run with --install /usr/bin/display display /usr/bin/display.im6 100 --slave /usr/share/man/man1/display.1.gz display.1.gz /usr/share/man/man1/display.im6.1.gz
update-alternatives 2014-11-03 14:06:12: link group display updated to point to /usr/bin/display.im6
update-alternatives 2014-11-03 14:06:12: run with --install /usr/bin/montage montage /usr/bin/montage.im6 100 --slave /usr/share/man/man1/montage.1.gz montage.1.gz /usr/share/man/man1/montage.im6.1.gz
update-alternatives 2014-11-03 14:06:12: link group montage updated to point to /usr/bin/montage.im6
update-alternatives 2014-11-03 14:06:12: run with --install /usr/bin/mogrify mogrify /usr/bin/mogrify.im6 100 --slave /usr/share/man/man1/mogrify.1.gz mogrify.1.gz /usr/share/man/man1/mogrify.im6.1.gz
update-alternatives 2014-11-03 14:06:12: link group mogrify updated to point to /usr/bin/mogrify.im6
update-alternatives 2014-11-03 19:55:14: run with --quiet --install /lib/cpp cpp /usr/bin/cpp 10
update-alternatives 2014-11-03 19:55:14: link group cpp updated to point to /usr/bin/cpp
update-alternatives 2014-11-03 19:55:15: run with --quiet --install /usr/bin/cc cc /usr/bin/gcc 20
update-alternatives 2014-11-03 19:55:15: link group cc updated to point to /usr/bin/gcc
update-alternatives 2014-11-03 19:55:15: run with --quiet --install /usr/bin/c89 c89 /usr/bin/c89-gcc 20 --slave /usr/share/man/man1/c89.1.gz c89.1.gz /usr/share/man/man1/c89-gcc.1.gz
update-alternatives 2014-11-03 19:55:15: link group c89 updated to point to /usr/bin/c89-gcc
update-alternatives 2014-11-03 19:55:15: run with --quiet --install /usr/bin/c99 c99 /usr/bin/c99-gcc 20 --slave /usr/share/man/man1/c99.1.gz c99.1.gz /usr/share/man/man1/c99-gcc.1.gz
update-alternatives 2014-11-03 19:55:15: link group c99 updated to point to /usr/bin/c99-gcc
update-alternatives 2014-11-04 23:21:45: run with --install /usr/bin/figlet figlet /usr/bin/figlet-figlet 30 --slave /usr/share/man/man6/figlet.6.gz figlet.6.gz /usr/share/man/man6/figlet-figlet.6.gz
update-alternatives 2014-11-04 23:21:45: link group figlet updated to point to /usr/bin/figlet-figlet
update-alternatives 2014-11-09 00:17:48: run with --install /usr/bin/c++ c++ /usr/bin/g++ 20
update-alternatives 2014-11-09 00:17:48: link group c++ updated to point to /usr/bin/g++
update-alternatives 2014-11-09 00:32:43: run with --install /usr/bin/view view /usr/bin/see 1 --slave /usr/share/man/man1/view.1.gz view.1.gz /usr/share/man/man1/see.1.gz
update-alternatives 2014-11-09 00:51:40: run with --install /usr/bin/fakeroot fakeroot /usr/bin/fakeroot-sysv 50 --slave /usr/share/man/man1/fakeroot.1.gz fakeroot.1.gz /usr/share/man/man1/fakeroot-sysv.1.gz --slave /usr/share/man/man1/faked.1.gz faked.1.gz /usr/share/man/man1/faked-sysv.1.gz --slave /usr/share/man/es/man1/fakeroot.1.gz fakeroot.es.1.gz /usr/share/man/es/man1/fakeroot-sysv.1.gz --slave /usr/share/man/es/man1/faked.1.gz faked.es.1.gz /usr/share/man/es/man1/faked-sysv.1.gz --slave /usr/share/man/fr/man1/fakeroot.1.gz fakeroot.fr.1.gz /usr/share/man/fr/man1/fakeroot-sysv.1.gz --slave /usr/share/man/fr/man1/faked.1.gz faked.fr.1.gz /usr/share/man/fr/man1/faked-sysv.1.gz --slave /usr/share/man/sv/man1/fakeroot.1.gz fakeroot.sv.1.gz /usr/share/man/sv/man1/fakeroot-sysv.1.gz --slave /usr/share/man/sv/man1/faked.1.gz faked.sv.1.gz /usr/share/man/sv/man1/faked-sysv.1.gz
update-alternatives 2014-11-09 00:51:40: link group fakeroot updated to point to /usr/bin/fakeroot-sysv
update-alternatives 2014-11-09 00:51:40: run with --install /usr/bin/fakeroot fakeroot /usr/bin/fakeroot-tcp 30 --slave /usr/share/man/man1/fakeroot.1.gz fakeroot.1.gz /usr/share/man/man1/fakeroot-tcp.1.gz --slave /usr/share/man/man1/faked.1.gz faked.1.gz /usr/share/man/man1/faked-tcp.1.gz --slave /usr/share/man/es/man1/fakeroot.1.gz fakeroot.es.1.gz /usr/share/man/es/man1/fakeroot-tcp.1.gz --slave /usr/share/man/es/man1/faked.1.gz faked.es.1.gz /usr/share/man/es/man1/faked-tcp.1.gz --slave /usr/share/man/fr/man1/fakeroot.1.gz fakeroot.fr.1.gz /usr/share/man/fr/man1/fakeroot-tcp.1.gz --slave /usr/share/man/fr/man1/faked.1.gz faked.fr.1.gz /usr/share/man/fr/man1/faked-tcp.1.gz --slave /usr/share/man/sv/man1/fakeroot.1.gz fakeroot.sv.1.gz /usr/share/man/sv/man1/fakeroot-tcp.1.gz --slave /usr/share/man/sv/man1/faked.1.gz faked.sv.1.gz /usr/share/man/sv/man1/faked-tcp.1.gz
update-alternatives 2014-11-09 00:51:53: run with --install /usr/bin/automake automake /usr/bin/automake-1.11 29 --slave /usr/bin/aclocal aclocal /usr/bin/aclocal-1.11 --slave /usr/share/man/man1/automake.1.gz automake.1.gz /usr/share/man/man1/automake-1.11.1.gz --slave /usr/share/man/man1/aclocal.1.gz aclocal.1.gz /usr/share/man/man1/aclocal-1.11.1.gz
update-alternatives 2014-11-09 00:51:53: link group automake updated to point to /usr/bin/automake-1.11
