2014-11-03 08:34:10 startup archives unpack
2014-11-03 08:34:10 install cpuburn:amd64 <none> 1.4a-3
2014-11-03 08:34:10 status half-installed cpuburn:amd64 1.4a-3
2014-11-03 08:34:10 status triggers-pending man-db:amd64 2.6.2-1
2014-11-03 08:34:10 status half-installed cpuburn:amd64 1.4a-3
2014-11-03 08:34:10 status unpacked cpuburn:amd64 1.4a-3
2014-11-03 08:34:10 status unpacked cpuburn:amd64 1.4a-3
2014-11-03 08:34:10 trigproc man-db:amd64 2.6.2-1 2.6.2-1
2014-11-03 08:34:10 status half-configured man-db:amd64 2.6.2-1
2014-11-03 08:34:11 status installed man-db:amd64 2.6.2-1
2014-11-03 08:34:11 startup packages configure
2014-11-03 08:34:11 configure cpuburn:amd64 1.4a-3 <none>
2014-11-03 08:34:11 status unpacked cpuburn:amd64 1.4a-3
2014-11-03 08:34:11 status half-configured cpuburn:amd64 1.4a-3
2014-11-03 08:34:12 status installed cpuburn:amd64 1.4a-3
2014-11-03 08:35:26 startup archives unpack
2014-11-03 08:35:26 install libsensors4:amd64 <none> 1:3.3.2-2+deb7u1
2014-11-03 08:35:26 status half-installed libsensors4:amd64 1:3.3.2-2+deb7u1
2014-11-03 08:35:26 status unpacked libsensors4:amd64 1:3.3.2-2+deb7u1
2014-11-03 08:35:26 status unpacked libsensors4:amd64 1:3.3.2-2+deb7u1
2014-11-03 08:35:26 install lm-sensors:amd64 <none> 1:3.3.2-2+deb7u1
2014-11-03 08:35:26 status half-installed lm-sensors:amd64 1:3.3.2-2+deb7u1
2014-11-03 08:35:26 status triggers-pending man-db:amd64 2.6.2-1
2014-11-03 08:35:26 status half-installed lm-sensors:amd64 1:3.3.2-2+deb7u1
2014-11-03 08:35:26 status unpacked lm-sensors:amd64 1:3.3.2-2+deb7u1
2014-11-03 08:35:26 status unpacked lm-sensors:amd64 1:3.3.2-2+deb7u1
2014-11-03 08:35:26 trigproc man-db:amd64 2.6.2-1 2.6.2-1
2014-11-03 08:35:26 status half-configured man-db:amd64 2.6.2-1
2014-11-03 08:35:27 status installed man-db:amd64 2.6.2-1
2014-11-03 08:35:28 startup packages configure
2014-11-03 08:35:28 configure libsensors4:amd64 1:3.3.2-2+deb7u1 <none>
2014-11-03 08:35:28 status unpacked libsensors4:amd64 1:3.3.2-2+deb7u1
2014-11-03 08:35:28 status unpacked libsensors4:amd64 1:3.3.2-2+deb7u1
2014-11-03 08:35:28 status unpacked libsensors4:amd64 1:3.3.2-2+deb7u1
2014-11-03 08:35:28 status half-configured libsensors4:amd64 1:3.3.2-2+deb7u1
2014-11-03 08:35:28 status installed libsensors4:amd64 1:3.3.2-2+deb7u1
2014-11-03 08:35:28 configure lm-sensors:amd64 1:3.3.2-2+deb7u1 <none>
2014-11-03 08:35:28 status unpacked lm-sensors:amd64 1:3.3.2-2+deb7u1
2014-11-03 08:35:28 status unpacked lm-sensors:amd64 1:3.3.2-2+deb7u1
2014-11-03 08:35:28 status half-configured lm-sensors:amd64 1:3.3.2-2+deb7u1
2014-11-03 08:35:28 status installed lm-sensors:amd64 1:3.3.2-2+deb7u1
2014-11-03 08:48:43 startup archives unpack
2014-11-03 08:48:43 install psmisc:amd64 <none> 22.19-1+deb7u1
2014-11-03 08:48:43 status half-installed psmisc:amd64 22.19-1+deb7u1
2014-11-03 08:48:43 status triggers-pending man-db:amd64 2.6.2-1
2014-11-03 08:48:43 status half-installed psmisc:amd64 22.19-1+deb7u1
2014-11-03 08:48:44 status unpacked psmisc:amd64 22.19-1+deb7u1
2014-11-03 08:48:44 status unpacked psmisc:amd64 22.19-1+deb7u1
2014-11-03 08:48:44 trigproc man-db:amd64 2.6.2-1 2.6.2-1
2014-11-03 08:48:44 status half-configured man-db:amd64 2.6.2-1
2014-11-03 08:48:44 status installed man-db:amd64 2.6.2-1
2014-11-03 08:48:45 startup packages configure
2014-11-03 08:48:45 configure psmisc:amd64 22.19-1+deb7u1 <none>
2014-11-03 08:48:45 status unpacked psmisc:amd64 22.19-1+deb7u1
2014-11-03 08:48:45 status half-configured psmisc:amd64 22.19-1+deb7u1
2014-11-03 08:48:45 status installed psmisc:amd64 22.19-1+deb7u1
2014-11-03 13:51:15 startup archives unpack
2014-11-03 13:51:15 install screen:amd64 <none> 4.1.0~20120320gitdb59704-7
2014-11-03 13:51:15 status half-installed screen:amd64 4.1.0~20120320gitdb59704-7
2014-11-03 13:51:15 status triggers-pending install-info:amd64 4.13a.dfsg.1-10
2014-11-03 13:51:15 status half-installed screen:amd64 4.1.0~20120320gitdb59704-7
2014-11-03 13:51:15 status triggers-pending man-db:amd64 2.6.2-1
2014-11-03 13:51:15 status half-installed screen:amd64 4.1.0~20120320gitdb59704-7
2014-11-03 13:51:15 status unpacked screen:amd64 4.1.0~20120320gitdb59704-7
2014-11-03 13:51:15 status unpacked screen:amd64 4.1.0~20120320gitdb59704-7
2014-11-03 13:51:15 trigproc install-info:amd64 4.13a.dfsg.1-10 4.13a.dfsg.1-10
2014-11-03 13:51:15 status half-configured install-info:amd64 4.13a.dfsg.1-10
2014-11-03 13:51:15 status installed install-info:amd64 4.13a.dfsg.1-10
2014-11-03 13:51:15 trigproc man-db:amd64 2.6.2-1 2.6.2-1
2014-11-03 13:51:15 status half-configured man-db:amd64 2.6.2-1
2014-11-03 13:51:16 status installed man-db:amd64 2.6.2-1
2014-11-03 13:51:16 startup packages configure
2014-11-03 13:51:16 configure screen:amd64 4.1.0~20120320gitdb59704-7 <none>
2014-11-03 13:51:16 status unpacked screen:amd64 4.1.0~20120320gitdb59704-7
2014-11-03 13:51:16 status unpacked screen:amd64 4.1.0~20120320gitdb59704-7
2014-11-03 13:51:16 status unpacked screen:amd64 4.1.0~20120320gitdb59704-7
2014-11-03 13:51:16 status half-configured screen:amd64 4.1.0~20120320gitdb59704-7
2014-11-03 13:51:16 status installed screen:amd64 4.1.0~20120320gitdb59704-7
2014-11-03 14:05:46 startup archives unpack
2014-11-03 14:05:46 install libcap2:amd64 <none> 1:2.22-1.2
2014-11-03 14:05:46 status half-installed libcap2:amd64 1:2.22-1.2
2014-11-03 14:05:46 status unpacked libcap2:amd64 1:2.22-1.2
2014-11-03 14:05:46 status unpacked libcap2:amd64 1:2.22-1.2
2014-11-03 14:05:46 install libpcre3:amd64 <none> 1:8.30-5
2014-11-03 14:05:46 status half-installed libpcre3:amd64 1:8.30-5
2014-11-03 14:05:46 status triggers-pending man-db:amd64 2.6.2-1
2014-11-03 14:05:46 status half-installed libpcre3:amd64 1:8.30-5
2014-11-03 14:05:46 status unpacked libpcre3:amd64 1:8.30-5
2014-11-03 14:05:46 status unpacked libpcre3:amd64 1:8.30-5
2014-11-03 14:05:46 install imagemagick-common:all <none> 8:6.7.7.10-5+deb7u3
2014-11-03 14:05:46 status half-installed imagemagick-common:all 8:6.7.7.10-5+deb7u3
2014-11-03 14:05:46 status unpacked imagemagick-common:all 8:6.7.7.10-5+deb7u3
2014-11-03 14:05:46 status unpacked imagemagick-common:all 8:6.7.7.10-5+deb7u3
2014-11-03 14:05:47 install libavahi-common-data:amd64 <none> 0.6.31-2
2014-11-03 14:05:47 status half-installed libavahi-common-data:amd64 0.6.31-2
2014-11-03 14:05:47 status unpacked libavahi-common-data:amd64 0.6.31-2
2014-11-03 14:05:47 status unpacked libavahi-common-data:amd64 0.6.31-2
2014-11-03 14:05:47 install libavahi-common3:amd64 <none> 0.6.31-2
2014-11-03 14:05:47 status half-installed libavahi-common3:amd64 0.6.31-2
2014-11-03 14:05:47 status unpacked libavahi-common3:amd64 0.6.31-2
2014-11-03 14:05:47 status unpacked libavahi-common3:amd64 0.6.31-2
2014-11-03 14:05:47 install libdbus-1-3:amd64 <none> 1.6.8-1+deb7u4
2014-11-03 14:05:47 status half-installed libdbus-1-3:amd64 1.6.8-1+deb7u4
2014-11-03 14:05:47 status unpacked libdbus-1-3:amd64 1.6.8-1+deb7u4
2014-11-03 14:05:47 status unpacked libdbus-1-3:amd64 1.6.8-1+deb7u4
2014-11-03 14:05:47 install libavahi-client3:amd64 <none> 0.6.31-2
2014-11-03 14:05:47 status half-installed libavahi-client3:amd64 0.6.31-2
2014-11-03 14:05:47 status unpacked libavahi-client3:amd64 0.6.31-2
2014-11-03 14:05:47 status unpacked libavahi-client3:amd64 0.6.31-2
2014-11-03 14:05:47 install ttf-dejavu-core:all <none> 2.33-3
2014-11-03 14:05:47 status half-installed ttf-dejavu-core:all 2.33-3
2014-11-03 14:05:47 status unpacked ttf-dejavu-core:all 2.33-3
2014-11-03 14:05:47 status unpacked ttf-dejavu-core:all 2.33-3
2014-11-03 14:05:47 install fontconfig-config:all <none> 2.9.0-7.1
2014-11-03 14:05:47 status half-installed fontconfig-config:all 2.9.0-7.1
2014-11-03 14:05:47 status half-installed fontconfig-config:all 2.9.0-7.1
2014-11-03 14:05:47 status unpacked fontconfig-config:all 2.9.0-7.1
2014-11-03 14:05:47 status unpacked fontconfig-config:all 2.9.0-7.1
2014-11-03 14:05:48 install libfontconfig1:amd64 <none> 2.9.0-7.1
2014-11-03 14:05:48 status half-installed libfontconfig1:amd64 2.9.0-7.1
2014-11-03 14:05:48 status unpacked libfontconfig1:amd64 2.9.0-7.1
2014-11-03 14:05:48 status unpacked libfontconfig1:amd64 2.9.0-7.1
2014-11-03 14:05:48 install libpixman-1-0:amd64 <none> 0.26.0-4+deb7u1
2014-11-03 14:05:48 status half-installed libpixman-1-0:amd64 0.26.0-4+deb7u1
2014-11-03 14:05:48 status unpacked libpixman-1-0:amd64 0.26.0-4+deb7u1
2014-11-03 14:05:48 status unpacked libpixman-1-0:amd64 0.26.0-4+deb7u1
2014-11-03 14:05:48 install libpng12-0:amd64 <none> 1.2.49-1
2014-11-03 14:05:48 status half-installed libpng12-0:amd64 1.2.49-1
2014-11-03 14:05:48 status unpacked libpng12-0:amd64 1.2.49-1
2014-11-03 14:05:48 status unpacked libpng12-0:amd64 1.2.49-1
2014-11-03 14:05:48 install libxcb-render0:amd64 <none> 1.8.1-2+deb7u1
2014-11-03 14:05:48 status half-installed libxcb-render0:amd64 1.8.1-2+deb7u1
2014-11-03 14:05:48 status unpacked libxcb-render0:amd64 1.8.1-2+deb7u1
2014-11-03 14:05:48 status unpacked libxcb-render0:amd64 1.8.1-2+deb7u1
2014-11-03 14:05:48 install libxcb-shm0:amd64 <none> 1.8.1-2+deb7u1
2014-11-03 14:05:48 status half-installed libxcb-shm0:amd64 1.8.1-2+deb7u1
2014-11-03 14:05:48 status unpacked libxcb-shm0:amd64 1.8.1-2+deb7u1
2014-11-03 14:05:48 status unpacked libxcb-shm0:amd64 1.8.1-2+deb7u1
2014-11-03 14:05:48 install libxrender1:amd64 <none> 1:0.9.7-1+deb7u1
2014-11-03 14:05:48 status half-installed libxrender1:amd64 1:0.9.7-1+deb7u1
2014-11-03 14:05:48 status unpacked libxrender1:amd64 1:0.9.7-1+deb7u1
2014-11-03 14:05:48 status unpacked libxrender1:amd64 1:0.9.7-1+deb7u1
2014-11-03 14:05:48 install libcairo2:amd64 <none> 1.12.2-3
2014-11-03 14:05:48 status half-installed libcairo2:amd64 1.12.2-3
2014-11-03 14:05:48 status unpacked libcairo2:amd64 1.12.2-3
2014-11-03 14:05:48 status unpacked libcairo2:amd64 1.12.2-3
2014-11-03 14:05:49 install libffi5:amd64 <none> 3.0.10-3
2014-11-03 14:05:49 status half-installed libffi5:amd64 3.0.10-3
2014-11-03 14:05:49 status unpacked libffi5:amd64 3.0.10-3
2014-11-03 14:05:49 status unpacked libffi5:amd64 3.0.10-3
2014-11-03 14:05:49 install libglib2.0-0:amd64 <none> 2.33.12+really2.32.4-5
2014-11-03 14:05:49 status half-installed libglib2.0-0:amd64 2.33.12+really2.32.4-5
2014-11-03 14:05:49 status unpacked libglib2.0-0:amd64 2.33.12+really2.32.4-5
2014-11-03 14:05:49 status unpacked libglib2.0-0:amd64 2.33.12+really2.32.4-5
2014-11-03 14:05:49 install libxml2:amd64 <none> 2.8.0+dfsg1-7+wheezy2
2014-11-03 14:05:49 status half-installed libxml2:amd64 2.8.0+dfsg1-7+wheezy2
2014-11-03 14:05:49 status unpacked libxml2:amd64 2.8.0+dfsg1-7+wheezy2
2014-11-03 14:05:49 status unpacked libxml2:amd64 2.8.0+dfsg1-7+wheezy2
2014-11-03 14:05:49 install libcroco3:amd64 <none> 0.6.6-2
2014-11-03 14:05:49 status half-installed libcroco3:amd64 0.6.6-2
2014-11-03 14:05:49 status unpacked libcroco3:amd64 0.6.6-2
2014-11-03 14:05:49 status unpacked libcroco3:amd64 0.6.6-2
2014-11-03 14:05:49 install libcups2:amd64 <none> 1.5.3-5+deb7u4
2014-11-03 14:05:49 status half-installed libcups2:amd64 1.5.3-5+deb7u4
2014-11-03 14:05:49 status unpacked libcups2:amd64 1.5.3-5+deb7u4
2014-11-03 14:05:49 status unpacked libcups2:amd64 1.5.3-5+deb7u4
2014-11-03 14:05:49 install libjpeg8:amd64 <none> 8d-1+deb7u1
2014-11-03 14:05:49 status half-installed libjpeg8:amd64 8d-1+deb7u1
2014-11-03 14:05:49 status unpacked libjpeg8:amd64 8d-1+deb7u1
2014-11-03 14:05:50 status unpacked libjpeg8:amd64 8d-1+deb7u1
2014-11-03 14:05:50 install libjbig0:amd64 <none> 2.0-2+deb7u1
2014-11-03 14:05:50 status half-installed libjbig0:amd64 2.0-2+deb7u1
2014-11-03 14:05:50 status unpacked libjbig0:amd64 2.0-2+deb7u1
2014-11-03 14:05:50 status unpacked libjbig0:amd64 2.0-2+deb7u1
2014-11-03 14:05:50 install libtiff4:amd64 <none> 3.9.6-11
2014-11-03 14:05:50 status half-installed libtiff4:amd64 3.9.6-11
2014-11-03 14:05:50 status unpacked libtiff4:amd64 3.9.6-11
2014-11-03 14:05:50 status unpacked libtiff4:amd64 3.9.6-11
2014-11-03 14:05:50 install libcupsimage2:amd64 <none> 1.5.3-5+deb7u4
2014-11-03 14:05:50 status half-installed libcupsimage2:amd64 1.5.3-5+deb7u4
2014-11-03 14:05:50 status unpacked libcupsimage2:amd64 1.5.3-5+deb7u4
2014-11-03 14:05:50 status unpacked libcupsimage2:amd64 1.5.3-5+deb7u4
2014-11-03 14:05:50 install libdatrie1:amd64 <none> 0.2.5-3
2014-11-03 14:05:50 status half-installed libdatrie1:amd64 0.2.5-3
2014-11-03 14:05:50 status unpacked libdatrie1:amd64 0.2.5-3
2014-11-03 14:05:50 status unpacked libdatrie1:amd64 0.2.5-3
2014-11-03 14:05:50 install libdjvulibre-text:all <none> 3.5.25.3-1
2014-11-03 14:05:50 status half-installed libdjvulibre-text:all 3.5.25.3-1
2014-11-03 14:05:50 status unpacked libdjvulibre-text:all 3.5.25.3-1
2014-11-03 14:05:50 status unpacked libdjvulibre-text:all 3.5.25.3-1
2014-11-03 14:05:50 install libdjvulibre21:amd64 <none> 3.5.25.3-1
2014-11-03 14:05:50 status half-installed libdjvulibre21:amd64 3.5.25.3-1
2014-11-03 14:05:50 status unpacked libdjvulibre21:amd64 3.5.25.3-1
2014-11-03 14:05:50 status unpacked libdjvulibre21:amd64 3.5.25.3-1
2014-11-03 14:05:50 install libgd2-noxpm:amd64 <none> 2.0.36~rc1~dfsg-6.1
2014-11-03 14:05:50 status half-installed libgd2-noxpm:amd64 2.0.36~rc1~dfsg-6.1
2014-11-03 14:05:50 status unpacked libgd2-noxpm:amd64 2.0.36~rc1~dfsg-6.1
2014-11-03 14:05:50 status unpacked libgd2-noxpm:amd64 2.0.36~rc1~dfsg-6.1
2014-11-03 14:05:51 install libjasper1:amd64 <none> 1.900.1-13
2014-11-03 14:05:51 status half-installed libjasper1:amd64 1.900.1-13
2014-11-03 14:05:51 status unpacked libjasper1:amd64 1.900.1-13
2014-11-03 14:05:51 status unpacked libjasper1:amd64 1.900.1-13
2014-11-03 14:05:51 install libgdk-pixbuf2.0-common:all <none> 2.26.1-1
2014-11-03 14:05:51 status half-installed libgdk-pixbuf2.0-common:all 2.26.1-1
2014-11-03 14:05:51 status unpacked libgdk-pixbuf2.0-common:all 2.26.1-1
2014-11-03 14:05:51 status unpacked libgdk-pixbuf2.0-common:all 2.26.1-1
2014-11-03 14:05:51 install libgdk-pixbuf2.0-0:amd64 <none> 2.26.1-1
2014-11-03 14:05:51 status half-installed libgdk-pixbuf2.0-0:amd64 2.26.1-1
2014-11-03 14:05:51 status unpacked libgdk-pixbuf2.0-0:amd64 2.26.1-1
2014-11-03 14:05:51 status unpacked libgdk-pixbuf2.0-0:amd64 2.26.1-1
2014-11-03 14:05:51 install libgomp1:amd64 <none> 4.7.2-5
2014-11-03 14:05:51 status half-installed libgomp1:amd64 4.7.2-5
2014-11-03 14:05:51 status unpacked libgomp1:amd64 4.7.2-5
2014-11-03 14:05:51 status unpacked libgomp1:amd64 4.7.2-5
2014-11-03 14:05:51 install x11-common:all <none> 1:7.7+3~deb7u1
2014-11-03 14:05:51 status half-installed x11-common:all 1:7.7+3~deb7u1
2014-11-03 14:05:51 status half-installed x11-common:all 1:7.7+3~deb7u1
2014-11-03 14:05:51 status unpacked x11-common:all 1:7.7+3~deb7u1
2014-11-03 14:05:51 status unpacked x11-common:all 1:7.7+3~deb7u1
2014-11-03 14:05:51 install libice6:amd64 <none> 2:1.0.8-2
2014-11-03 14:05:51 status half-installed libice6:amd64 2:1.0.8-2
2014-11-03 14:05:51 status unpacked libice6:amd64 2:1.0.8-2
2014-11-03 14:05:51 status unpacked libice6:amd64 2:1.0.8-2
2014-11-03 14:05:51 install liblcms1:amd64 <none> 1.19.dfsg-1.2
2014-11-03 14:05:51 status half-installed liblcms1:amd64 1.19.dfsg-1.2
2014-11-03 14:05:52 status unpacked liblcms1:amd64 1.19.dfsg-1.2
2014-11-03 14:05:52 status unpacked liblcms1:amd64 1.19.dfsg-1.2
2014-11-03 14:05:52 install liblcms2-2:amd64 <none> 2.2+git20110628-2.2+deb7u1
2014-11-03 14:05:52 status half-installed liblcms2-2:amd64 2.2+git20110628-2.2+deb7u1
2014-11-03 14:05:52 status unpacked liblcms2-2:amd64 2.2+git20110628-2.2+deb7u1
2014-11-03 14:05:52 status unpacked liblcms2-2:amd64 2.2+git20110628-2.2+deb7u1
2014-11-03 14:05:52 install liblqr-1-0:amd64 <none> 0.4.1-2
2014-11-03 14:05:52 status half-installed liblqr-1-0:amd64 0.4.1-2
2014-11-03 14:05:52 status unpacked liblqr-1-0:amd64 0.4.1-2
2014-11-03 14:05:52 status unpacked liblqr-1-0:amd64 0.4.1-2
2014-11-03 14:05:52 install liblua5.1-0:amd64 <none> 5.1.5-4+deb7u1
2014-11-03 14:05:52 status half-installed liblua5.1-0:amd64 5.1.5-4+deb7u1
2014-11-03 14:05:52 status unpacked liblua5.1-0:amd64 5.1.5-4+deb7u1
2014-11-03 14:05:52 status unpacked liblua5.1-0:amd64 5.1.5-4+deb7u1
2014-11-03 14:05:52 install libsm6:amd64 <none> 2:1.2.1-2
2014-11-03 14:05:52 status half-installed libsm6:amd64 2:1.2.1-2
2014-11-03 14:05:52 status unpacked libsm6:amd64 2:1.2.1-2
2014-11-03 14:05:52 status unpacked libsm6:amd64 2:1.2.1-2
2014-11-03 14:05:52 install libxt6:amd64 <none> 1:1.1.3-1+deb7u1
2014-11-03 14:05:52 status half-installed libxt6:amd64 1:1.1.3-1+deb7u1
2014-11-03 14:05:52 status unpacked libxt6:amd64 1:1.1.3-1+deb7u1
2014-11-03 14:05:52 status unpacked libxt6:amd64 1:1.1.3-1+deb7u1
2014-11-03 14:05:52 install libmagickcore5:amd64 <none> 8:6.7.7.10-5+deb7u3
2014-11-03 14:05:52 status half-installed libmagickcore5:amd64 8:6.7.7.10-5+deb7u3
2014-11-03 14:05:52 status unpacked libmagickcore5:amd64 8:6.7.7.10-5+deb7u3
2014-11-03 14:05:52 status unpacked libmagickcore5:amd64 8:6.7.7.10-5+deb7u3
2014-11-03 14:05:53 install libilmbase6:amd64 <none> 1.0.1-4
2014-11-03 14:05:53 status half-installed libilmbase6:amd64 1.0.1-4
2014-11-03 14:05:53 status unpacked libilmbase6:amd64 1.0.1-4
2014-11-03 14:05:53 status unpacked libilmbase6:amd64 1.0.1-4
2014-11-03 14:05:53 install libmagickwand5:amd64 <none> 8:6.7.7.10-5+deb7u3
2014-11-03 14:05:53 status half-installed libmagickwand5:amd64 8:6.7.7.10-5+deb7u3
2014-11-03 14:05:53 status unpacked libmagickwand5:amd64 8:6.7.7.10-5+deb7u3
2014-11-03 14:05:53 status unpacked libmagickwand5:amd64 8:6.7.7.10-5+deb7u3
2014-11-03 14:05:53 install libopenexr6:amd64 <none> 1.6.1-6
2014-11-03 14:05:53 status half-installed libopenexr6:amd64 1.6.1-6
2014-11-03 14:05:53 status unpacked libopenexr6:amd64 1.6.1-6
2014-11-03 14:05:53 status unpacked libopenexr6:amd64 1.6.1-6
2014-11-03 14:05:53 install libthai-data:all <none> 0.1.18-2
2014-11-03 14:05:53 status half-installed libthai-data:all 0.1.18-2
2014-11-03 14:05:53 status unpacked libthai-data:all 0.1.18-2
2014-11-03 14:05:53 status unpacked libthai-data:all 0.1.18-2
2014-11-03 14:05:53 install libthai0:amd64 <none> 0.1.18-2
2014-11-03 14:05:53 status half-installed libthai0:amd64 0.1.18-2
2014-11-03 14:05:53 status unpacked libthai0:amd64 0.1.18-2
2014-11-03 14:05:53 status unpacked libthai0:amd64 0.1.18-2
2014-11-03 14:05:53 install libxft2:amd64 <none> 2.3.1-1
2014-11-03 14:05:53 status half-installed libxft2:amd64 2.3.1-1
2014-11-03 14:05:53 status unpacked libxft2:amd64 2.3.1-1
2014-11-03 14:05:53 status unpacked libxft2:amd64 2.3.1-1
2014-11-03 14:05:53 install fontconfig:amd64 <none> 2.9.0-7.1
2014-11-03 14:05:53 status half-installed fontconfig:amd64 2.9.0-7.1
2014-11-03 14:05:53 status half-installed fontconfig:amd64 2.9.0-7.1
2014-11-03 14:05:53 status unpacked fontconfig:amd64 2.9.0-7.1
2014-11-03 14:05:53 status unpacked fontconfig:amd64 2.9.0-7.1
2014-11-03 14:05:54 install libpango1.0-0:amd64 <none> 1.30.0-1
2014-11-03 14:05:54 status half-installed libpango1.0-0:amd64 1.30.0-1
2014-11-03 14:05:54 status unpacked libpango1.0-0:amd64 1.30.0-1
2014-11-03 14:05:54 status unpacked libpango1.0-0:amd64 1.30.0-1
2014-11-03 14:05:54 install librsvg2-2:amd64 <none> 2.36.1-2
2014-11-03 14:05:54 status half-installed librsvg2-2:amd64 2.36.1-2
2014-11-03 14:05:54 status unpacked librsvg2-2:amd64 2.36.1-2
2014-11-03 14:05:54 status unpacked librsvg2-2:amd64 2.36.1-2
2014-11-03 14:05:54 install libwmf0.2-7:amd64 <none> 0.2.8.4-10.3
2014-11-03 14:05:54 status half-installed libwmf0.2-7:amd64 0.2.8.4-10.3
2014-11-03 14:05:54 status unpacked libwmf0.2-7:amd64 0.2.8.4-10.3
2014-11-03 14:05:54 status unpacked libwmf0.2-7:amd64 0.2.8.4-10.3
2014-11-03 14:05:54 install libmagickcore5-extra:amd64 <none> 8:6.7.7.10-5+deb7u3
2014-11-03 14:05:54 status half-installed libmagickcore5-extra:amd64 8:6.7.7.10-5+deb7u3
2014-11-03 14:05:54 status unpacked libmagickcore5-extra:amd64 8:6.7.7.10-5+deb7u3
2014-11-03 14:05:54 status unpacked libmagickcore5-extra:amd64 8:6.7.7.10-5+deb7u3
2014-11-03 14:05:54 install libpaper1:amd64 <none> 1.1.24+nmu2
2014-11-03 14:05:54 status half-installed libpaper1:amd64 1.1.24+nmu2
2014-11-03 14:05:54 status half-installed libpaper1:amd64 1.1.24+nmu2
2014-11-03 14:05:54 status unpacked libpaper1:amd64 1.1.24+nmu2
2014-11-03 14:05:54 status unpacked libpaper1:amd64 1.1.24+nmu2
2014-11-03 14:05:54 install libxmu6:amd64 <none> 2:1.1.1-1
2014-11-03 14:05:54 status half-installed libxmu6:amd64 2:1.1.1-1
2014-11-03 14:05:54 status unpacked libxmu6:amd64 2:1.1.1-1
2014-11-03 14:05:54 status unpacked libxmu6:amd64 2:1.1.1-1
2014-11-03 14:05:54 install libxpm4:amd64 <none> 1:3.5.10-1
2014-11-03 14:05:54 status half-installed libxpm4:amd64 1:3.5.10-1
2014-11-03 14:05:54 status unpacked libxpm4:amd64 1:3.5.10-1
2014-11-03 14:05:54 status unpacked libxpm4:amd64 1:3.5.10-1
2014-11-03 14:05:55 install libxaw7:amd64 <none> 2:1.0.10-2
2014-11-03 14:05:55 status half-installed libxaw7:amd64 2:1.0.10-2
2014-11-03 14:05:55 status unpacked libxaw7:amd64 2:1.0.10-2
2014-11-03 14:05:55 status unpacked libxaw7:amd64 2:1.0.10-2
2014-11-03 14:05:55 install poppler-data:all <none> 0.4.5-10
2014-11-03 14:05:55 status half-installed poppler-data:all 0.4.5-10
2014-11-03 14:05:55 status unpacked poppler-data:all 0.4.5-10
2014-11-03 14:05:55 status unpacked poppler-data:all 0.4.5-10
2014-11-03 14:05:55 install sgml-base:all <none> 1.26+nmu4
2014-11-03 14:05:55 status half-installed sgml-base:all 1.26+nmu4
2014-11-03 14:05:55 status half-installed sgml-base:all 1.26+nmu4
2014-11-03 14:05:55 status unpacked sgml-base:all 1.26+nmu4
2014-11-03 14:05:55 status unpacked sgml-base:all 1.26+nmu4
2014-11-03 14:05:55 install libsystemd-login0:amd64 <none> 44-11+deb7u4
2014-11-03 14:05:55 status half-installed libsystemd-login0:amd64 44-11+deb7u4
2014-11-03 14:05:55 status unpacked libsystemd-login0:amd64 44-11+deb7u4
2014-11-03 14:05:55 status unpacked libsystemd-login0:amd64 44-11+deb7u4
2014-11-03 14:05:56 install dbus:amd64 <none> 1.6.8-1+deb7u4
2014-11-03 14:05:56 status half-installed dbus:amd64 1.6.8-1+deb7u4
2014-11-03 14:05:56 status half-installed dbus:amd64 1.6.8-1+deb7u4
2014-11-03 14:05:56 status unpacked dbus:amd64 1.6.8-1+deb7u4
2014-11-03 14:05:56 status unpacked dbus:amd64 1.6.8-1+deb7u4
2014-11-03 14:05:56 install fonts-droid:all <none> 20111207+git-1
2014-11-03 14:05:56 status half-installed fonts-droid:all 20111207+git-1
2014-11-03 14:05:56 status unpacked fonts-droid:all 20111207+git-1
2014-11-03 14:05:56 status unpacked fonts-droid:all 20111207+git-1
2014-11-03 14:05:56 install fonts-liberation:all <none> 1.07.2-6
2014-11-03 14:05:56 status half-installed fonts-liberation:all 1.07.2-6
2014-11-03 14:05:56 status unpacked fonts-liberation:all 1.07.2-6
2014-11-03 14:05:56 status unpacked fonts-liberation:all 1.07.2-6
2014-11-03 14:05:56 install libijs-0.35:amd64 <none> 0.35-8
2014-11-03 14:05:56 status half-installed libijs-0.35:amd64 0.35-8
2014-11-03 14:05:56 status unpacked libijs-0.35:amd64 0.35-8
2014-11-03 14:05:56 status unpacked libijs-0.35:amd64 0.35-8
2014-11-03 14:05:56 install libjbig2dec0:amd64 <none> 0.11+20120125-1
2014-11-03 14:05:56 status half-installed libjbig2dec0:amd64 0.11+20120125-1
2014-11-03 14:05:56 status unpacked libjbig2dec0:amd64 0.11+20120125-1
2014-11-03 14:05:56 status unpacked libjbig2dec0:amd64 0.11+20120125-1
2014-11-03 14:05:56 install libgs9-common:all <none> 9.05~dfsg-6.3+deb7u1
2014-11-03 14:05:56 status half-installed libgs9-common:all 9.05~dfsg-6.3+deb7u1
2014-11-03 14:05:57 status unpacked libgs9-common:all 9.05~dfsg-6.3+deb7u1
2014-11-03 14:05:57 status unpacked libgs9-common:all 9.05~dfsg-6.3+deb7u1
2014-11-03 14:05:57 install libgs9:amd64 <none> 9.05~dfsg-6.3+deb7u1
2014-11-03 14:05:57 status half-installed libgs9:amd64 9.05~dfsg-6.3+deb7u1
2014-11-03 14:05:57 status unpacked libgs9:amd64 9.05~dfsg-6.3+deb7u1
2014-11-03 14:05:57 status unpacked libgs9:amd64 9.05~dfsg-6.3+deb7u1
2014-11-03 14:05:58 install gsfonts:all <none> 1:8.11+urwcyr1.0.7~pre44-4.2
2014-11-03 14:05:58 status half-installed gsfonts:all 1:8.11+urwcyr1.0.7~pre44-4.2
2014-11-03 14:05:58 status unpacked gsfonts:all 1:8.11+urwcyr1.0.7~pre44-4.2
2014-11-03 14:05:58 status unpacked gsfonts:all 1:8.11+urwcyr1.0.7~pre44-4.2
2014-11-03 14:05:58 install ghostscript:amd64 <none> 9.05~dfsg-6.3+deb7u1
2014-11-03 14:05:58 status half-installed ghostscript:amd64 9.05~dfsg-6.3+deb7u1
2014-11-03 14:05:58 status half-installed ghostscript:amd64 9.05~dfsg-6.3+deb7u1
2014-11-03 14:05:58 status unpacked ghostscript:amd64 9.05~dfsg-6.3+deb7u1
2014-11-03 14:05:58 status unpacked ghostscript:amd64 9.05~dfsg-6.3+deb7u1
2014-11-03 14:05:58 install gnuplot-nox:amd64 <none> 4.6.0-8
2014-11-03 14:05:58 status half-installed gnuplot-nox:amd64 4.6.0-8
2014-11-03 14:05:58 status half-installed gnuplot-nox:amd64 4.6.0-8
2014-11-03 14:05:58 status unpacked gnuplot-nox:amd64 4.6.0-8
2014-11-03 14:05:58 status unpacked gnuplot-nox:amd64 4.6.0-8
2014-11-03 14:05:58 install gnuplot:all <none> 4.6.0-8
2014-11-03 14:05:58 status half-installed gnuplot:all 4.6.0-8
2014-11-03 14:05:58 status unpacked gnuplot:all 4.6.0-8
2014-11-03 14:05:58 status unpacked gnuplot:all 4.6.0-8
2014-11-03 14:05:58 install groff:amd64 <none> 1.21-9
2014-11-03 14:05:58 status half-installed groff:amd64 1.21-9
2014-11-03 14:05:58 status triggers-pending install-info:amd64 4.13a.dfsg.1-10
2014-11-03 14:05:58 status half-installed groff:amd64 1.21-9
2014-11-03 14:05:58 status half-installed groff:amd64 1.21-9
2014-11-03 14:05:59 status unpacked groff:amd64 1.21-9
2014-11-03 14:05:59 status unpacked groff:amd64 1.21-9
2014-11-03 14:05:59 install hicolor-icon-theme:all <none> 0.12-1
2014-11-03 14:05:59 status half-installed hicolor-icon-theme:all 0.12-1
2014-11-03 14:05:59 status unpacked hicolor-icon-theme:all 0.12-1
2014-11-03 14:05:59 status unpacked hicolor-icon-theme:all 0.12-1
2014-11-03 14:05:59 install imagemagick:amd64 <none> 8:6.7.7.10-5+deb7u3
2014-11-03 14:05:59 status half-installed imagemagick:amd64 8:6.7.7.10-5+deb7u3
2014-11-03 14:05:59 status half-installed imagemagick:amd64 8:6.7.7.10-5+deb7u3
2014-11-03 14:05:59 status unpacked imagemagick:amd64 8:6.7.7.10-5+deb7u3
2014-11-03 14:05:59 status unpacked imagemagick:amd64 8:6.7.7.10-5+deb7u3
2014-11-03 14:05:59 install libexiv2-12:amd64 <none> 0.23-1
2014-11-03 14:05:59 status half-installed libexiv2-12:amd64 0.23-1
2014-11-03 14:05:59 status unpacked libexiv2-12:amd64 0.23-1
2014-11-03 14:05:59 status unpacked libexiv2-12:amd64 0.23-1
2014-11-03 14:05:59 install libglib2.0-data:all <none> 2.33.12+really2.32.4-5
2014-11-03 14:05:59 status half-installed libglib2.0-data:all 2.33.12+really2.32.4-5
2014-11-03 14:05:59 status unpacked libglib2.0-data:all 2.33.12+really2.32.4-5
2014-11-03 14:05:59 status unpacked libglib2.0-data:all 2.33.12+really2.32.4-5
2014-11-03 14:06:00 install libnetpbm10:amd64 <none> 2:10.0-15+b1
2014-11-03 14:06:00 status half-installed libnetpbm10:amd64 2:10.0-15+b1
2014-11-03 14:06:00 status unpacked libnetpbm10:amd64 2:10.0-15+b1
2014-11-03 14:06:00 status unpacked libnetpbm10:amd64 2:10.0-15+b1
2014-11-03 14:06:00 install libpaper-utils:amd64 <none> 1.1.24+nmu2
2014-11-03 14:06:00 status half-installed libpaper-utils:amd64 1.1.24+nmu2
2014-11-03 14:06:00 status half-installed libpaper-utils:amd64 1.1.24+nmu2
2014-11-03 14:06:00 status unpacked libpaper-utils:amd64 1.1.24+nmu2
2014-11-03 14:06:00 status unpacked libpaper-utils:amd64 1.1.24+nmu2
2014-11-03 14:06:00 install librsvg2-common:amd64 <none> 2.36.1-2
2014-11-03 14:06:00 status half-installed librsvg2-common:amd64 2.36.1-2
2014-11-03 14:06:00 status unpacked librsvg2-common:amd64 2.36.1-2
2014-11-03 14:06:00 status unpacked librsvg2-common:amd64 2.36.1-2
2014-11-03 14:06:00 install netpbm:amd64 <none> 2:10.0-15+b1
2014-11-03 14:06:00 status half-installed netpbm:amd64 2:10.0-15+b1
2014-11-03 14:06:00 status half-installed netpbm:amd64 2:10.0-15+b1
2014-11-03 14:06:00 status unpacked netpbm:amd64 2:10.0-15+b1
2014-11-03 14:06:00 status unpacked netpbm:amd64 2:10.0-15+b1
2014-11-03 14:06:00 install psutils:amd64 <none> 1.17.dfsg-1
2014-11-03 14:06:00 status half-installed psutils:amd64 1.17.dfsg-1
2014-11-03 14:06:00 status half-installed psutils:amd64 1.17.dfsg-1
2014-11-03 14:06:00 status unpacked psutils:amd64 1.17.dfsg-1
2014-11-03 14:06:00 status unpacked psutils:amd64 1.17.dfsg-1
2014-11-03 14:06:00 install shared-mime-info:amd64 <none> 1.0-1+b1
2014-11-03 14:06:00 status half-installed shared-mime-info:amd64 1.0-1+b1
2014-11-03 14:06:00 status half-installed shared-mime-info:amd64 1.0-1+b1
2014-11-03 14:06:01 status unpacked shared-mime-info:amd64 1.0-1+b1
2014-11-03 14:06:01 status unpacked shared-mime-info:amd64 1.0-1+b1
2014-11-03 14:06:01 install liblensfun-data:all <none> 0.2.5-2
2014-11-03 14:06:01 status half-installed liblensfun-data:all 0.2.5-2
2014-11-03 14:06:01 status unpacked liblensfun-data:all 0.2.5-2
2014-11-03 14:06:01 status unpacked liblensfun-data:all 0.2.5-2
2014-11-03 14:06:01 install liblensfun0:amd64 <none> 0.2.5-2
2014-11-03 14:06:01 status half-installed liblensfun0:amd64 0.2.5-2
2014-11-03 14:06:01 status unpacked liblensfun0:amd64 0.2.5-2
2014-11-03 14:06:01 status unpacked liblensfun0:amd64 0.2.5-2
2014-11-03 14:06:01 install ufraw-batch:amd64 <none> 0.18-2
2014-11-03 14:06:01 status half-installed ufraw-batch:amd64 0.18-2
2014-11-03 14:06:01 status half-installed ufraw-batch:amd64 0.18-2
2014-11-03 14:06:01 status unpacked ufraw-batch:amd64 0.18-2
2014-11-03 14:06:01 status unpacked ufraw-batch:amd64 0.18-2
2014-11-03 14:06:01 install xml-core:all <none> 0.13+nmu2
2014-11-03 14:06:01 status half-installed xml-core:all 0.13+nmu2
2014-11-03 14:06:01 status half-installed xml-core:all 0.13+nmu2
2014-11-03 14:06:01 status unpacked xml-core:all 0.13+nmu2
2014-11-03 14:06:01 status unpacked xml-core:all 0.13+nmu2
2014-11-03 14:06:01 trigproc man-db:amd64 2.6.2-1 2.6.2-1
2014-11-03 14:06:01 status half-configured man-db:amd64 2.6.2-1
2014-11-03 14:06:03 status installed man-db:amd64 2.6.2-1
2014-11-03 14:06:03 trigproc install-info:amd64 4.13a.dfsg.1-10 4.13a.dfsg.1-10
2014-11-03 14:06:03 status half-configured install-info:amd64 4.13a.dfsg.1-10
2014-11-03 14:06:03 status installed install-info:amd64 4.13a.dfsg.1-10
2014-11-03 14:06:04 startup packages configure
2014-11-03 14:06:04 configure libcap2:amd64 1:2.22-1.2 <none>
2014-11-03 14:06:04 status unpacked libcap2:amd64 1:2.22-1.2
2014-11-03 14:06:04 status half-configured libcap2:amd64 1:2.22-1.2
2014-11-03 14:06:04 status installed libcap2:amd64 1:2.22-1.2
2014-11-03 14:06:04 configure libpcre3:amd64 1:8.30-5 <none>
2014-11-03 14:06:04 status unpacked libpcre3:amd64 1:8.30-5
2014-11-03 14:06:04 status half-configured libpcre3:amd64 1:8.30-5
2014-11-03 14:06:04 status installed libpcre3:amd64 1:8.30-5
2014-11-03 14:06:04 configure imagemagick-common:all 8:6.7.7.10-5+deb7u3 <none>
2014-11-03 14:06:04 status unpacked imagemagick-common:all 8:6.7.7.10-5+deb7u3
2014-11-03 14:06:04 status unpacked imagemagick-common:all 8:6.7.7.10-5+deb7u3
2014-11-03 14:06:04 status unpacked imagemagick-common:all 8:6.7.7.10-5+deb7u3
2014-11-03 14:06:04 status unpacked imagemagick-common:all 8:6.7.7.10-5+deb7u3
2014-11-03 14:06:04 status unpacked imagemagick-common:all 8:6.7.7.10-5+deb7u3
2014-11-03 14:06:04 status unpacked imagemagick-common:all 8:6.7.7.10-5+deb7u3
2014-11-03 14:06:04 status unpacked imagemagick-common:all 8:6.7.7.10-5+deb7u3
2014-11-03 14:06:04 status unpacked imagemagick-common:all 8:6.7.7.10-5+deb7u3
2014-11-03 14:06:04 status unpacked imagemagick-common:all 8:6.7.7.10-5+deb7u3
2014-11-03 14:06:04 status unpacked imagemagick-common:all 8:6.7.7.10-5+deb7u3
2014-11-03 14:06:04 status unpacked imagemagick-common:all 8:6.7.7.10-5+deb7u3
2014-11-03 14:06:04 status unpacked imagemagick-common:all 8:6.7.7.10-5+deb7u3
2014-11-03 14:06:04 status unpacked imagemagick-common:all 8:6.7.7.10-5+deb7u3
2014-11-03 14:06:04 status unpacked imagemagick-common:all 8:6.7.7.10-5+deb7u3
2014-11-03 14:06:04 status half-configured imagemagick-common:all 8:6.7.7.10-5+deb7u3
2014-11-03 14:06:04 status installed imagemagick-common:all 8:6.7.7.10-5+deb7u3
2014-11-03 14:06:04 configure libavahi-common-data:amd64 0.6.31-2 <none>
2014-11-03 14:06:04 status unpacked libavahi-common-data:amd64 0.6.31-2
2014-11-03 14:06:04 status half-configured libavahi-common-data:amd64 0.6.31-2
2014-11-03 14:06:04 status installed libavahi-common-data:amd64 0.6.31-2
2014-11-03 14:06:04 configure libavahi-common3:amd64 0.6.31-2 <none>
2014-11-03 14:06:04 status unpacked libavahi-common3:amd64 0.6.31-2
2014-11-03 14:06:04 status half-configured libavahi-common3:amd64 0.6.31-2
2014-11-03 14:06:04 status installed libavahi-common3:amd64 0.6.31-2
2014-11-03 14:06:04 configure libdbus-1-3:amd64 1.6.8-1+deb7u4 <none>
2014-11-03 14:06:04 status unpacked libdbus-1-3:amd64 1.6.8-1+deb7u4
2014-11-03 14:06:04 status half-configured libdbus-1-3:amd64 1.6.8-1+deb7u4
2014-11-03 14:06:04 status installed libdbus-1-3:amd64 1.6.8-1+deb7u4
2014-11-03 14:06:04 configure libavahi-client3:amd64 0.6.31-2 <none>
2014-11-03 14:06:04 status unpacked libavahi-client3:amd64 0.6.31-2
2014-11-03 14:06:04 status half-configured libavahi-client3:amd64 0.6.31-2
2014-11-03 14:06:04 status installed libavahi-client3:amd64 0.6.31-2
2014-11-03 14:06:04 configure ttf-dejavu-core:all 2.33-3 <none>
2014-11-03 14:06:04 status unpacked ttf-dejavu-core:all 2.33-3
2014-11-03 14:06:04 status half-configured ttf-dejavu-core:all 2.33-3
2014-11-03 14:06:04 status installed ttf-dejavu-core:all 2.33-3
2014-11-03 14:06:04 configure fontconfig-config:all 2.9.0-7.1 <none>
2014-11-03 14:06:04 status unpacked fontconfig-config:all 2.9.0-7.1
2014-11-03 14:06:04 status unpacked fontconfig-config:all 2.9.0-7.1
2014-11-03 14:06:04 status unpacked fontconfig-config:all 2.9.0-7.1
2014-11-03 14:06:04 status unpacked fontconfig-config:all 2.9.0-7.1
2014-11-03 14:06:04 status unpacked fontconfig-config:all 2.9.0-7.1
2014-11-03 14:06:04 status unpacked fontconfig-config:all 2.9.0-7.1
2014-11-03 14:06:04 status unpacked fontconfig-config:all 2.9.0-7.1
2014-11-03 14:06:05 status unpacked fontconfig-config:all 2.9.0-7.1
2014-11-03 14:06:05 status unpacked fontconfig-config:all 2.9.0-7.1
2014-11-03 14:06:05 status unpacked fontconfig-config:all 2.9.0-7.1
2014-11-03 14:06:05 status unpacked fontconfig-config:all 2.9.0-7.1
2014-11-03 14:06:05 status unpacked fontconfig-config:all 2.9.0-7.1
2014-11-03 14:06:05 status unpacked fontconfig-config:all 2.9.0-7.1
2014-11-03 14:06:05 status unpacked fontconfig-config:all 2.9.0-7.1
2014-11-03 14:06:05 status unpacked fontconfig-config:all 2.9.0-7.1
2014-11-03 14:06:05 status unpacked fontconfig-config:all 2.9.0-7.1
2014-11-03 14:06:05 status unpacked fontconfig-config:all 2.9.0-7.1
2014-11-03 14:06:05 status unpacked fontconfig-config:all 2.9.0-7.1
2014-11-03 14:06:05 status unpacked fontconfig-config:all 2.9.0-7.1
2014-11-03 14:06:05 status unpacked fontconfig-config:all 2.9.0-7.1
2014-11-03 14:06:05 status unpacked fontconfig-config:all 2.9.0-7.1
2014-11-03 14:06:05 status unpacked fontconfig-config:all 2.9.0-7.1
2014-11-03 14:06:05 status unpacked fontconfig-config:all 2.9.0-7.1
2014-11-03 14:06:05 status unpacked fontconfig-config:all 2.9.0-7.1
2014-11-03 14:06:05 status unpacked fontconfig-config:all 2.9.0-7.1
2014-11-03 14:06:05 status unpacked fontconfig-config:all 2.9.0-7.1
2014-11-03 14:06:05 status unpacked fontconfig-config:all 2.9.0-7.1
2014-11-03 14:06:05 status unpacked fontconfig-config:all 2.9.0-7.1
2014-11-03 14:06:05 status unpacked fontconfig-config:all 2.9.0-7.1
2014-11-03 14:06:05 status unpacked fontconfig-config:all 2.9.0-7.1
2014-11-03 14:06:05 status unpacked fontconfig-config:all 2.9.0-7.1
2014-11-03 14:06:05 status unpacked fontconfig-config:all 2.9.0-7.1
2014-11-03 14:06:05 status unpacked fontconfig-config:all 2.9.0-7.1
2014-11-03 14:06:05 status unpacked fontconfig-config:all 2.9.0-7.1
2014-11-03 14:06:05 status half-configured fontconfig-config:all 2.9.0-7.1
2014-11-03 14:06:05 status installed fontconfig-config:all 2.9.0-7.1
2014-11-03 14:06:05 configure libfontconfig1:amd64 2.9.0-7.1 <none>
2014-11-03 14:06:05 status unpacked libfontconfig1:amd64 2.9.0-7.1
2014-11-03 14:06:05 status half-configured libfontconfig1:amd64 2.9.0-7.1
2014-11-03 14:06:05 status installed libfontconfig1:amd64 2.9.0-7.1
2014-11-03 14:06:05 configure libpixman-1-0:amd64 0.26.0-4+deb7u1 <none>
2014-11-03 14:06:05 status unpacked libpixman-1-0:amd64 0.26.0-4+deb7u1
2014-11-03 14:06:05 status half-configured libpixman-1-0:amd64 0.26.0-4+deb7u1
2014-11-03 14:06:05 status installed libpixman-1-0:amd64 0.26.0-4+deb7u1
2014-11-03 14:06:05 configure libpng12-0:amd64 1.2.49-1 <none>
2014-11-03 14:06:05 status unpacked libpng12-0:amd64 1.2.49-1
2014-11-03 14:06:05 status half-configured libpng12-0:amd64 1.2.49-1
2014-11-03 14:06:05 status installed libpng12-0:amd64 1.2.49-1
2014-11-03 14:06:05 configure libxcb-render0:amd64 1.8.1-2+deb7u1 <none>
2014-11-03 14:06:05 status unpacked libxcb-render0:amd64 1.8.1-2+deb7u1
2014-11-03 14:06:05 status half-configured libxcb-render0:amd64 1.8.1-2+deb7u1
2014-11-03 14:06:05 status installed libxcb-render0:amd64 1.8.1-2+deb7u1
2014-11-03 14:06:05 configure libxcb-shm0:amd64 1.8.1-2+deb7u1 <none>
2014-11-03 14:06:05 status unpacked libxcb-shm0:amd64 1.8.1-2+deb7u1
2014-11-03 14:06:05 status half-configured libxcb-shm0:amd64 1.8.1-2+deb7u1
2014-11-03 14:06:05 status installed libxcb-shm0:amd64 1.8.1-2+deb7u1
2014-11-03 14:06:05 configure libxrender1:amd64 1:0.9.7-1+deb7u1 <none>
2014-11-03 14:06:05 status unpacked libxrender1:amd64 1:0.9.7-1+deb7u1
2014-11-03 14:06:05 status half-configured libxrender1:amd64 1:0.9.7-1+deb7u1
2014-11-03 14:06:05 status installed libxrender1:amd64 1:0.9.7-1+deb7u1
2014-11-03 14:06:05 configure libcairo2:amd64 1.12.2-3 <none>
2014-11-03 14:06:05 status unpacked libcairo2:amd64 1.12.2-3
2014-11-03 14:06:05 status half-configured libcairo2:amd64 1.12.2-3
2014-11-03 14:06:05 status installed libcairo2:amd64 1.12.2-3
2014-11-03 14:06:05 configure libffi5:amd64 3.0.10-3 <none>
2014-11-03 14:06:05 status unpacked libffi5:amd64 3.0.10-3
2014-11-03 14:06:05 status half-configured libffi5:amd64 3.0.10-3
2014-11-03 14:06:05 status installed libffi5:amd64 3.0.10-3
2014-11-03 14:06:05 configure libglib2.0-0:amd64 2.33.12+really2.32.4-5 <none>
2014-11-03 14:06:05 status unpacked libglib2.0-0:amd64 2.33.12+really2.32.4-5
2014-11-03 14:06:06 status half-configured libglib2.0-0:amd64 2.33.12+really2.32.4-5
2014-11-03 14:06:06 status installed libglib2.0-0:amd64 2.33.12+really2.32.4-5
2014-11-03 14:06:06 configure libxml2:amd64 2.8.0+dfsg1-7+wheezy2 <none>
2014-11-03 14:06:06 status unpacked libxml2:amd64 2.8.0+dfsg1-7+wheezy2
2014-11-03 14:06:06 status half-configured libxml2:amd64 2.8.0+dfsg1-7+wheezy2
2014-11-03 14:06:06 status installed libxml2:amd64 2.8.0+dfsg1-7+wheezy2
2014-11-03 14:06:06 configure libcroco3:amd64 0.6.6-2 <none>
2014-11-03 14:06:06 status unpacked libcroco3:amd64 0.6.6-2
2014-11-03 14:06:06 status half-configured libcroco3:amd64 0.6.6-2
2014-11-03 14:06:06 status installed libcroco3:amd64 0.6.6-2
2014-11-03 14:06:06 configure libcups2:amd64 1.5.3-5+deb7u4 <none>
2014-11-03 14:06:06 status unpacked libcups2:amd64 1.5.3-5+deb7u4
2014-11-03 14:06:06 status half-configured libcups2:amd64 1.5.3-5+deb7u4
2014-11-03 14:06:06 status installed libcups2:amd64 1.5.3-5+deb7u4
2014-11-03 14:06:06 configure libjpeg8:amd64 8d-1+deb7u1 <none>
2014-11-03 14:06:06 status unpacked libjpeg8:amd64 8d-1+deb7u1
2014-11-03 14:06:06 status half-configured libjpeg8:amd64 8d-1+deb7u1
2014-11-03 14:06:06 status installed libjpeg8:amd64 8d-1+deb7u1
2014-11-03 14:06:06 configure libjbig0:amd64 2.0-2+deb7u1 <none>
2014-11-03 14:06:06 status unpacked libjbig0:amd64 2.0-2+deb7u1
2014-11-03 14:06:06 status half-configured libjbig0:amd64 2.0-2+deb7u1
2014-11-03 14:06:06 status installed libjbig0:amd64 2.0-2+deb7u1
2014-11-03 14:06:06 configure libtiff4:amd64 3.9.6-11 <none>
2014-11-03 14:06:06 status unpacked libtiff4:amd64 3.9.6-11
2014-11-03 14:06:06 status half-configured libtiff4:amd64 3.9.6-11
2014-11-03 14:06:06 status installed libtiff4:amd64 3.9.6-11
2014-11-03 14:06:06 configure libcupsimage2:amd64 1.5.3-5+deb7u4 <none>
2014-11-03 14:06:06 status unpacked libcupsimage2:amd64 1.5.3-5+deb7u4
2014-11-03 14:06:06 status half-configured libcupsimage2:amd64 1.5.3-5+deb7u4
2014-11-03 14:06:06 status installed libcupsimage2:amd64 1.5.3-5+deb7u4
2014-11-03 14:06:06 configure libdatrie1:amd64 0.2.5-3 <none>
2014-11-03 14:06:06 status unpacked libdatrie1:amd64 0.2.5-3
2014-11-03 14:06:06 status half-configured libdatrie1:amd64 0.2.5-3
2014-11-03 14:06:06 status installed libdatrie1:amd64 0.2.5-3
2014-11-03 14:06:06 configure libdjvulibre-text:all 3.5.25.3-1 <none>
2014-11-03 14:06:06 status unpacked libdjvulibre-text:all 3.5.25.3-1
2014-11-03 14:06:06 status half-configured libdjvulibre-text:all 3.5.25.3-1
2014-11-03 14:06:06 status installed libdjvulibre-text:all 3.5.25.3-1
2014-11-03 14:06:06 configure libdjvulibre21:amd64 3.5.25.3-1 <none>
2014-11-03 14:06:06 status unpacked libdjvulibre21:amd64 3.5.25.3-1
2014-11-03 14:06:06 status half-configured libdjvulibre21:amd64 3.5.25.3-1
2014-11-03 14:06:06 status installed libdjvulibre21:amd64 3.5.25.3-1
2014-11-03 14:06:06 configure libgd2-noxpm:amd64 2.0.36~rc1~dfsg-6.1 <none>
2014-11-03 14:06:06 status unpacked libgd2-noxpm:amd64 2.0.36~rc1~dfsg-6.1
2014-11-03 14:06:06 status half-configured libgd2-noxpm:amd64 2.0.36~rc1~dfsg-6.1
2014-11-03 14:06:06 status installed libgd2-noxpm:amd64 2.0.36~rc1~dfsg-6.1
2014-11-03 14:06:06 configure libjasper1:amd64 1.900.1-13 <none>
2014-11-03 14:06:06 status unpacked libjasper1:amd64 1.900.1-13
2014-11-03 14:06:06 status half-configured libjasper1:amd64 1.900.1-13
2014-11-03 14:06:06 status installed libjasper1:amd64 1.900.1-13
2014-11-03 14:06:06 configure libgdk-pixbuf2.0-common:all 2.26.1-1 <none>
2014-11-03 14:06:06 status unpacked libgdk-pixbuf2.0-common:all 2.26.1-1
2014-11-03 14:06:06 status half-configured libgdk-pixbuf2.0-common:all 2.26.1-1
2014-11-03 14:06:06 status installed libgdk-pixbuf2.0-common:all 2.26.1-1
2014-11-03 14:06:06 configure libgdk-pixbuf2.0-0:amd64 2.26.1-1 <none>
2014-11-03 14:06:06 status unpacked libgdk-pixbuf2.0-0:amd64 2.26.1-1
2014-11-03 14:06:06 status half-configured libgdk-pixbuf2.0-0:amd64 2.26.1-1
2014-11-03 14:06:06 status installed libgdk-pixbuf2.0-0:amd64 2.26.1-1
2014-11-03 14:06:06 configure libgomp1:amd64 4.7.2-5 <none>
2014-11-03 14:06:06 status unpacked libgomp1:amd64 4.7.2-5
2014-11-03 14:06:06 status half-configured libgomp1:amd64 4.7.2-5
2014-11-03 14:06:06 status installed libgomp1:amd64 4.7.2-5
2014-11-03 14:06:06 configure x11-common:all 1:7.7+3~deb7u1 <none>
2014-11-03 14:06:06 status unpacked x11-common:all 1:7.7+3~deb7u1
2014-11-03 14:06:06 status unpacked x11-common:all 1:7.7+3~deb7u1
2014-11-03 14:06:06 status unpacked x11-common:all 1:7.7+3~deb7u1
2014-11-03 14:06:06 status unpacked x11-common:all 1:7.7+3~deb7u1
2014-11-03 14:06:06 status unpacked x11-common:all 1:7.7+3~deb7u1
2014-11-03 14:06:06 status unpacked x11-common:all 1:7.7+3~deb7u1
2014-11-03 14:06:06 status unpacked x11-common:all 1:7.7+3~deb7u1
2014-11-03 14:06:06 status unpacked x11-common:all 1:7.7+3~deb7u1
2014-11-03 14:06:06 status unpacked x11-common:all 1:7.7+3~deb7u1
2014-11-03 14:06:06 status unpacked x11-common:all 1:7.7+3~deb7u1
2014-11-03 14:06:06 status unpacked x11-common:all 1:7.7+3~deb7u1
2014-11-03 14:06:06 status unpacked x11-common:all 1:7.7+3~deb7u1
2014-11-03 14:06:06 status unpacked x11-common:all 1:7.7+3~deb7u1
2014-11-03 14:06:06 status unpacked x11-common:all 1:7.7+3~deb7u1
2014-11-03 14:06:06 status unpacked x11-common:all 1:7.7+3~deb7u1
2014-11-03 14:06:06 status half-configured x11-common:all 1:7.7+3~deb7u1
2014-11-03 14:06:07 status installed x11-common:all 1:7.7+3~deb7u1
2014-11-03 14:06:07 configure libice6:amd64 2:1.0.8-2 <none>
2014-11-03 14:06:07 status unpacked libice6:amd64 2:1.0.8-2
2014-11-03 14:06:07 status half-configured libice6:amd64 2:1.0.8-2
2014-11-03 14:06:07 status installed libice6:amd64 2:1.0.8-2
2014-11-03 14:06:07 configure liblcms1:amd64 1.19.dfsg-1.2 <none>
2014-11-03 14:06:07 status unpacked liblcms1:amd64 1.19.dfsg-1.2
2014-11-03 14:06:07 status half-configured liblcms1:amd64 1.19.dfsg-1.2
2014-11-03 14:06:07 status installed liblcms1:amd64 1.19.dfsg-1.2
2014-11-03 14:06:07 configure liblcms2-2:amd64 2.2+git20110628-2.2+deb7u1 <none>
2014-11-03 14:06:07 status unpacked liblcms2-2:amd64 2.2+git20110628-2.2+deb7u1
2014-11-03 14:06:07 status half-configured liblcms2-2:amd64 2.2+git20110628-2.2+deb7u1
2014-11-03 14:06:07 status installed liblcms2-2:amd64 2.2+git20110628-2.2+deb7u1
2014-11-03 14:06:07 configure liblqr-1-0:amd64 0.4.1-2 <none>
2014-11-03 14:06:07 status unpacked liblqr-1-0:amd64 0.4.1-2
2014-11-03 14:06:07 status half-configured liblqr-1-0:amd64 0.4.1-2
2014-11-03 14:06:07 status installed liblqr-1-0:amd64 0.4.1-2
2014-11-03 14:06:07 configure liblua5.1-0:amd64 5.1.5-4+deb7u1 <none>
2014-11-03 14:06:07 status unpacked liblua5.1-0:amd64 5.1.5-4+deb7u1
2014-11-03 14:06:07 status half-configured liblua5.1-0:amd64 5.1.5-4+deb7u1
2014-11-03 14:06:07 status installed liblua5.1-0:amd64 5.1.5-4+deb7u1
2014-11-03 14:06:07 configure libsm6:amd64 2:1.2.1-2 <none>
2014-11-03 14:06:07 status unpacked libsm6:amd64 2:1.2.1-2
2014-11-03 14:06:07 status half-configured libsm6:amd64 2:1.2.1-2
2014-11-03 14:06:07 status installed libsm6:amd64 2:1.2.1-2
2014-11-03 14:06:07 configure libxt6:amd64 1:1.1.3-1+deb7u1 <none>
2014-11-03 14:06:07 status unpacked libxt6:amd64 1:1.1.3-1+deb7u1
2014-11-03 14:06:07 status half-configured libxt6:amd64 1:1.1.3-1+deb7u1
2014-11-03 14:06:07 status installed libxt6:amd64 1:1.1.3-1+deb7u1
2014-11-03 14:06:07 configure libmagickcore5:amd64 8:6.7.7.10-5+deb7u3 <none>
2014-11-03 14:06:07 status unpacked libmagickcore5:amd64 8:6.7.7.10-5+deb7u3
2014-11-03 14:06:07 status half-configured libmagickcore5:amd64 8:6.7.7.10-5+deb7u3
2014-11-03 14:06:07 status installed libmagickcore5:amd64 8:6.7.7.10-5+deb7u3
2014-11-03 14:06:07 configure libilmbase6:amd64 1.0.1-4 <none>
2014-11-03 14:06:07 status unpacked libilmbase6:amd64 1.0.1-4
2014-11-03 14:06:07 status half-configured libilmbase6:amd64 1.0.1-4
2014-11-03 14:06:07 status installed libilmbase6:amd64 1.0.1-4
2014-11-03 14:06:07 configure libmagickwand5:amd64 8:6.7.7.10-5+deb7u3 <none>
2014-11-03 14:06:07 status unpacked libmagickwand5:amd64 8:6.7.7.10-5+deb7u3
2014-11-03 14:06:07 status half-configured libmagickwand5:amd64 8:6.7.7.10-5+deb7u3
2014-11-03 14:06:07 status installed libmagickwand5:amd64 8:6.7.7.10-5+deb7u3
2014-11-03 14:06:07 configure libopenexr6:amd64 1.6.1-6 <none>
2014-11-03 14:06:07 status unpacked libopenexr6:amd64 1.6.1-6
2014-11-03 14:06:07 status half-configured libopenexr6:amd64 1.6.1-6
2014-11-03 14:06:07 status installed libopenexr6:amd64 1.6.1-6
2014-11-03 14:06:07 configure libthai-data:all 0.1.18-2 <none>
2014-11-03 14:06:07 status unpacked libthai-data:all 0.1.18-2
2014-11-03 14:06:07 status half-configured libthai-data:all 0.1.18-2
2014-11-03 14:06:08 status installed libthai-data:all 0.1.18-2
2014-11-03 14:06:08 configure libthai0:amd64 0.1.18-2 <none>
2014-11-03 14:06:08 status unpacked libthai0:amd64 0.1.18-2
2014-11-03 14:06:08 status half-configured libthai0:amd64 0.1.18-2
2014-11-03 14:06:08 status installed libthai0:amd64 0.1.18-2
2014-11-03 14:06:08 configure libxft2:amd64 2.3.1-1 <none>
2014-11-03 14:06:08 status unpacked libxft2:amd64 2.3.1-1
2014-11-03 14:06:08 status half-configured libxft2:amd64 2.3.1-1
2014-11-03 14:06:08 status installed libxft2:amd64 2.3.1-1
2014-11-03 14:06:08 configure fontconfig:amd64 2.9.0-7.1 <none>
2014-11-03 14:06:08 status unpacked fontconfig:amd64 2.9.0-7.1
2014-11-03 14:06:08 status half-configured fontconfig:amd64 2.9.0-7.1
2014-11-03 14:06:10 status installed fontconfig:amd64 2.9.0-7.1
2014-11-03 14:06:10 configure libpango1.0-0:amd64 1.30.0-1 <none>
2014-11-03 14:06:10 status unpacked libpango1.0-0:amd64 1.30.0-1
2014-11-03 14:06:10 status half-configured libpango1.0-0:amd64 1.30.0-1
2014-11-03 14:06:10 status installed libpango1.0-0:amd64 1.30.0-1
2014-11-03 14:06:10 configure librsvg2-2:amd64 2.36.1-2 <none>
2014-11-03 14:06:10 status unpacked librsvg2-2:amd64 2.36.1-2
2014-11-03 14:06:10 status half-configured librsvg2-2:amd64 2.36.1-2
2014-11-03 14:06:10 status installed librsvg2-2:amd64 2.36.1-2
2014-11-03 14:06:10 configure libwmf0.2-7:amd64 0.2.8.4-10.3 <none>
2014-11-03 14:06:10 status unpacked libwmf0.2-7:amd64 0.2.8.4-10.3
2014-11-03 14:06:10 status half-configured libwmf0.2-7:amd64 0.2.8.4-10.3
2014-11-03 14:06:10 status installed libwmf0.2-7:amd64 0.2.8.4-10.3
2014-11-03 14:06:10 configure libmagickcore5-extra:amd64 8:6.7.7.10-5+deb7u3 <none>
2014-11-03 14:06:10 status unpacked libmagickcore5-extra:amd64 8:6.7.7.10-5+deb7u3
2014-11-03 14:06:10 status half-configured libmagickcore5-extra:amd64 8:6.7.7.10-5+deb7u3
2014-11-03 14:06:10 status installed libmagickcore5-extra:amd64 8:6.7.7.10-5+deb7u3
2014-11-03 14:06:10 configure libpaper1:amd64 1.1.24+nmu2 <none>
2014-11-03 14:06:10 status unpacked libpaper1:amd64 1.1.24+nmu2
2014-11-03 14:06:10 status half-configured libpaper1:amd64 1.1.24+nmu2
2014-11-03 14:06:11 status installed libpaper1:amd64 1.1.24+nmu2
2014-11-03 14:06:11 configure libxmu6:amd64 2:1.1.1-1 <none>
2014-11-03 14:06:11 status unpacked libxmu6:amd64 2:1.1.1-1
2014-11-03 14:06:11 status half-configured libxmu6:amd64 2:1.1.1-1
2014-11-03 14:06:11 status installed libxmu6:amd64 2:1.1.1-1
2014-11-03 14:06:11 configure libxpm4:amd64 1:3.5.10-1 <none>
2014-11-03 14:06:11 status unpacked libxpm4:amd64 1:3.5.10-1
2014-11-03 14:06:11 status half-configured libxpm4:amd64 1:3.5.10-1
2014-11-03 14:06:11 status installed libxpm4:amd64 1:3.5.10-1
2014-11-03 14:06:11 configure libxaw7:amd64 2:1.0.10-2 <none>
2014-11-03 14:06:11 status unpacked libxaw7:amd64 2:1.0.10-2
2014-11-03 14:06:11 status half-configured libxaw7:amd64 2:1.0.10-2
2014-11-03 14:06:11 status installed libxaw7:amd64 2:1.0.10-2
2014-11-03 14:06:11 configure poppler-data:all 0.4.5-10 <none>
2014-11-03 14:06:11 status unpacked poppler-data:all 0.4.5-10
2014-11-03 14:06:11 status unpacked poppler-data:all 0.4.5-10
2014-11-03 14:06:11 status unpacked poppler-data:all 0.4.5-10
2014-11-03 14:06:11 status unpacked poppler-data:all 0.4.5-10
2014-11-03 14:06:11 status unpacked poppler-data:all 0.4.5-10
2014-11-03 14:06:11 status unpacked poppler-data:all 0.4.5-10
2014-11-03 14:06:11 status half-configured poppler-data:all 0.4.5-10
2014-11-03 14:06:11 status installed poppler-data:all 0.4.5-10
2014-11-03 14:06:11 configure sgml-base:all 1.26+nmu4 <none>
2014-11-03 14:06:11 status unpacked sgml-base:all 1.26+nmu4
2014-11-03 14:06:11 status half-configured sgml-base:all 1.26+nmu4
2014-11-03 14:06:11 status installed sgml-base:all 1.26+nmu4
2014-11-03 14:06:11 configure libsystemd-login0:amd64 44-11+deb7u4 <none>
2014-11-03 14:06:11 status unpacked libsystemd-login0:amd64 44-11+deb7u4
2014-11-03 14:06:11 status half-configured libsystemd-login0:amd64 44-11+deb7u4
2014-11-03 14:06:11 status installed libsystemd-login0:amd64 44-11+deb7u4
2014-11-03 14:06:11 configure dbus:amd64 1.6.8-1+deb7u4 <none>
2014-11-03 14:06:11 status unpacked dbus:amd64 1.6.8-1+deb7u4
2014-11-03 14:06:11 status unpacked dbus:amd64 1.6.8-1+deb7u4
2014-11-03 14:06:11 status unpacked dbus:amd64 1.6.8-1+deb7u4
2014-11-03 14:06:11 status unpacked dbus:amd64 1.6.8-1+deb7u4
2014-11-03 14:06:11 status unpacked dbus:amd64 1.6.8-1+deb7u4
2014-11-03 14:06:11 status half-configured dbus:amd64 1.6.8-1+deb7u4
2014-11-03 14:06:12 status installed dbus:amd64 1.6.8-1+deb7u4
2014-11-03 14:06:12 configure fonts-droid:all 20111207+git-1 <none>
2014-11-03 14:06:12 status unpacked fonts-droid:all 20111207+git-1
2014-11-03 14:06:12 status unpacked fonts-droid:all 20111207+git-1
2014-11-03 14:06:12 status half-configured fonts-droid:all 20111207+git-1
2014-11-03 14:06:12 status installed fonts-droid:all 20111207+git-1
2014-11-03 14:06:12 configure fonts-liberation:all 1.07.2-6 <none>
2014-11-03 14:06:12 status unpacked fonts-liberation:all 1.07.2-6
2014-11-03 14:06:12 status half-configured fonts-liberation:all 1.07.2-6
2014-11-03 14:06:12 status installed fonts-liberation:all 1.07.2-6
2014-11-03 14:06:12 configure libijs-0.35:amd64 0.35-8 <none>
2014-11-03 14:06:12 status unpacked libijs-0.35:amd64 0.35-8
2014-11-03 14:06:12 status half-configured libijs-0.35:amd64 0.35-8
2014-11-03 14:06:12 status installed libijs-0.35:amd64 0.35-8
2014-11-03 14:06:12 configure libjbig2dec0:amd64 0.11+20120125-1 <none>
2014-11-03 14:06:12 status unpacked libjbig2dec0:amd64 0.11+20120125-1
2014-11-03 14:06:12 status half-configured libjbig2dec0:amd64 0.11+20120125-1
2014-11-03 14:06:12 status installed libjbig2dec0:amd64 0.11+20120125-1
2014-11-03 14:06:12 configure libgs9-common:all 9.05~dfsg-6.3+deb7u1 <none>
2014-11-03 14:06:12 status unpacked libgs9-common:all 9.05~dfsg-6.3+deb7u1
2014-11-03 14:06:12 status half-configured libgs9-common:all 9.05~dfsg-6.3+deb7u1
2014-11-03 14:06:12 status installed libgs9-common:all 9.05~dfsg-6.3+deb7u1
2014-11-03 14:06:12 configure libgs9:amd64 9.05~dfsg-6.3+deb7u1 <none>
2014-11-03 14:06:12 status unpacked libgs9:amd64 9.05~dfsg-6.3+deb7u1
2014-11-03 14:06:12 status half-configured libgs9:amd64 9.05~dfsg-6.3+deb7u1
2014-11-03 14:06:12 status installed libgs9:amd64 9.05~dfsg-6.3+deb7u1
2014-11-03 14:06:12 configure gsfonts:all 1:8.11+urwcyr1.0.7~pre44-4.2 <none>
2014-11-03 14:06:12 status unpacked gsfonts:all 1:8.11+urwcyr1.0.7~pre44-4.2
2014-11-03 14:06:12 status unpacked gsfonts:all 1:8.11+urwcyr1.0.7~pre44-4.2
2014-11-03 14:06:12 status half-configured gsfonts:all 1:8.11+urwcyr1.0.7~pre44-4.2
2014-11-03 14:06:12 status installed gsfonts:all 1:8.11+urwcyr1.0.7~pre44-4.2
2014-11-03 14:06:12 configure ghostscript:amd64 9.05~dfsg-6.3+deb7u1 <none>
2014-11-03 14:06:12 status unpacked ghostscript:amd64 9.05~dfsg-6.3+deb7u1
2014-11-03 14:06:12 status half-configured ghostscript:amd64 9.05~dfsg-6.3+deb7u1
2014-11-03 14:06:12 status installed ghostscript:amd64 9.05~dfsg-6.3+deb7u1
2014-11-03 14:06:12 configure gnuplot-nox:amd64 4.6.0-8 <none>
2014-11-03 14:06:12 status unpacked gnuplot-nox:amd64 4.6.0-8
2014-11-03 14:06:12 status half-configured gnuplot-nox:amd64 4.6.0-8
2014-11-03 14:06:12 status installed gnuplot-nox:amd64 4.6.0-8
2014-11-03 14:06:12 configure gnuplot:all 4.6.0-8 <none>
2014-11-03 14:06:12 status unpacked gnuplot:all 4.6.0-8
2014-11-03 14:06:12 status half-configured gnuplot:all 4.6.0-8
2014-11-03 14:06:12 status installed gnuplot:all 4.6.0-8
2014-11-03 14:06:12 configure groff:amd64 1.21-9 <none>
2014-11-03 14:06:12 status unpacked groff:amd64 1.21-9
2014-11-03 14:06:12 status unpacked groff:amd64 1.21-9
2014-11-03 14:06:12 status unpacked groff:amd64 1.21-9
2014-11-03 14:06:12 status half-configured groff:amd64 1.21-9
2014-11-03 14:06:12 status installed groff:amd64 1.21-9
2014-11-03 14:06:12 configure hicolor-icon-theme:all 0.12-1 <none>
2014-11-03 14:06:12 status unpacked hicolor-icon-theme:all 0.12-1
2014-11-03 14:06:12 status half-configured hicolor-icon-theme:all 0.12-1
2014-11-03 14:06:12 status installed hicolor-icon-theme:all 0.12-1
2014-11-03 14:06:12 configure imagemagick:amd64 8:6.7.7.10-5+deb7u3 <none>
2014-11-03 14:06:12 status unpacked imagemagick:amd64 8:6.7.7.10-5+deb7u3
2014-11-03 14:06:12 status half-configured imagemagick:amd64 8:6.7.7.10-5+deb7u3
2014-11-03 14:06:12 status installed imagemagick:amd64 8:6.7.7.10-5+deb7u3
2014-11-03 14:06:12 configure libexiv2-12:amd64 0.23-1 <none>
2014-11-03 14:06:12 status unpacked libexiv2-12:amd64 0.23-1
2014-11-03 14:06:12 status half-configured libexiv2-12:amd64 0.23-1
2014-11-03 14:06:12 status installed libexiv2-12:amd64 0.23-1
2014-11-03 14:06:12 configure libglib2.0-data:all 2.33.12+really2.32.4-5 <none>
2014-11-03 14:06:12 status unpacked libglib2.0-data:all 2.33.12+really2.32.4-5
2014-11-03 14:06:12 status half-configured libglib2.0-data:all 2.33.12+really2.32.4-5
2014-11-03 14:06:12 status installed libglib2.0-data:all 2.33.12+really2.32.4-5
2014-11-03 14:06:12 configure libnetpbm10:amd64 2:10.0-15+b1 <none>
2014-11-03 14:06:12 status unpacked libnetpbm10:amd64 2:10.0-15+b1
2014-11-03 14:06:12 status half-configured libnetpbm10:amd64 2:10.0-15+b1
2014-11-03 14:06:12 status installed libnetpbm10:amd64 2:10.0-15+b1
2014-11-03 14:06:12 configure libpaper-utils:amd64 1.1.24+nmu2 <none>
2014-11-03 14:06:12 status unpacked libpaper-utils:amd64 1.1.24+nmu2
2014-11-03 14:06:12 status half-configured libpaper-utils:amd64 1.1.24+nmu2
2014-11-03 14:06:12 status installed libpaper-utils:amd64 1.1.24+nmu2
2014-11-03 14:06:13 configure librsvg2-common:amd64 2.36.1-2 <none>
2014-11-03 14:06:13 status unpacked librsvg2-common:amd64 2.36.1-2
2014-11-03 14:06:13 status half-configured librsvg2-common:amd64 2.36.1-2
2014-11-03 14:06:13 status installed librsvg2-common:amd64 2.36.1-2
2014-11-03 14:06:13 status triggers-pending libgdk-pixbuf2.0-0:amd64 2.26.1-1
2014-11-03 14:06:13 configure netpbm:amd64 2:10.0-15+b1 <none>
2014-11-03 14:06:13 status unpacked netpbm:amd64 2:10.0-15+b1
2014-11-03 14:06:13 status half-configured netpbm:amd64 2:10.0-15+b1
2014-11-03 14:06:13 status installed netpbm:amd64 2:10.0-15+b1
2014-11-03 14:06:13 configure psutils:amd64 1.17.dfsg-1 <none>
2014-11-03 14:06:13 status unpacked psutils:amd64 1.17.dfsg-1
2014-11-03 14:06:13 status half-configured psutils:amd64 1.17.dfsg-1
2014-11-03 14:06:13 status installed psutils:amd64 1.17.dfsg-1
2014-11-03 14:06:13 configure shared-mime-info:amd64 1.0-1+b1 <none>
2014-11-03 14:06:13 status unpacked shared-mime-info:amd64 1.0-1+b1
2014-11-03 14:06:13 status half-configured shared-mime-info:amd64 1.0-1+b1
2014-11-03 14:06:13 status installed shared-mime-info:amd64 1.0-1+b1
2014-11-03 14:06:13 configure liblensfun-data:all 0.2.5-2 <none>
2014-11-03 14:06:13 status unpacked liblensfun-data:all 0.2.5-2
2014-11-03 14:06:13 status half-configured liblensfun-data:all 0.2.5-2
2014-11-03 14:06:13 status installed liblensfun-data:all 0.2.5-2
2014-11-03 14:06:13 configure liblensfun0:amd64 0.2.5-2 <none>
2014-11-03 14:06:13 status unpacked liblensfun0:amd64 0.2.5-2
2014-11-03 14:06:13 status half-configured liblensfun0:amd64 0.2.5-2
2014-11-03 14:06:13 status installed liblensfun0:amd64 0.2.5-2
2014-11-03 14:06:13 configure ufraw-batch:amd64 0.18-2 <none>
2014-11-03 14:06:13 status unpacked ufraw-batch:amd64 0.18-2
2014-11-03 14:06:13 status half-configured ufraw-batch:amd64 0.18-2
2014-11-03 14:06:13 status installed ufraw-batch:amd64 0.18-2
2014-11-03 14:06:13 configure xml-core:all 0.13+nmu2 <none>
2014-11-03 14:06:13 status unpacked xml-core:all 0.13+nmu2
2014-11-03 14:06:13 status triggers-pending sgml-base:all 1.26+nmu4
2014-11-03 14:06:13 status unpacked xml-core:all 0.13+nmu2
2014-11-03 14:06:13 status unpacked xml-core:all 0.13+nmu2
2014-11-03 14:06:13 status half-configured xml-core:all 0.13+nmu2
2014-11-03 14:06:14 status triggers-awaited xml-core:all 0.13+nmu2
2014-11-03 14:06:14 trigproc libgdk-pixbuf2.0-0:amd64 2.26.1-1 <none>
2014-11-03 14:06:14 status half-configured libgdk-pixbuf2.0-0:amd64 2.26.1-1
2014-11-03 14:06:14 status installed libgdk-pixbuf2.0-0:amd64 2.26.1-1
2014-11-03 14:06:14 trigproc sgml-base:all 1.26+nmu4 <none>
2014-11-03 14:06:14 status half-configured sgml-base:all 1.26+nmu4
2014-11-03 14:06:14 status installed xml-core:all 0.13+nmu2
2014-11-03 14:06:14 status installed sgml-base:all 1.26+nmu4
2014-11-03 14:25:34 startup archives unpack
2014-11-03 14:25:34 upgrade wget:amd64 1.13.4-3+deb7u1 1.13.4-3+deb7u2
2014-11-03 14:25:34 status half-configured wget:amd64 1.13.4-3+deb7u1
2014-11-03 14:25:34 status unpacked wget:amd64 1.13.4-3+deb7u1
2014-11-03 14:25:34 status half-installed wget:amd64 1.13.4-3+deb7u1
2014-11-03 14:25:34 status triggers-pending install-info:amd64 4.13a.dfsg.1-10
2014-11-03 14:25:34 status half-installed wget:amd64 1.13.4-3+deb7u1
2014-11-03 14:25:34 status triggers-pending man-db:amd64 2.6.2-1
2014-11-03 14:25:34 status half-installed wget:amd64 1.13.4-3+deb7u1
2014-11-03 14:25:34 status half-installed wget:amd64 1.13.4-3+deb7u1
2014-11-03 14:25:34 status unpacked wget:amd64 1.13.4-3+deb7u2
2014-11-03 14:25:34 status unpacked wget:amd64 1.13.4-3+deb7u2
2014-11-03 14:25:34 trigproc install-info:amd64 4.13a.dfsg.1-10 4.13a.dfsg.1-10
2014-11-03 14:25:34 status half-configured install-info:amd64 4.13a.dfsg.1-10
2014-11-03 14:25:35 status installed install-info:amd64 4.13a.dfsg.1-10
2014-11-03 14:25:35 trigproc man-db:amd64 2.6.2-1 2.6.2-1
2014-11-03 14:25:35 status half-configured man-db:amd64 2.6.2-1
2014-11-03 14:25:35 status installed man-db:amd64 2.6.2-1
2014-11-03 14:25:36 startup packages configure
2014-11-03 14:25:36 configure wget:amd64 1.13.4-3+deb7u2 <none>
2014-11-03 14:25:36 status unpacked wget:amd64 1.13.4-3+deb7u2
2014-11-03 14:25:36 status unpacked wget:amd64 1.13.4-3+deb7u2
2014-11-03 14:25:36 status half-configured wget:amd64 1.13.4-3+deb7u2
2014-11-03 14:25:36 status installed wget:amd64 1.13.4-3+deb7u2
2014-11-03 19:54:58 startup archives unpack
2014-11-03 19:54:58 install make:amd64 <none> 3.81-8.2
2014-11-03 19:54:58 status half-installed make:amd64 3.81-8.2
2014-11-03 19:54:58 status triggers-pending man-db:amd64 2.6.2-1
2014-11-03 19:54:58 status half-installed make:amd64 3.81-8.2
2014-11-03 19:54:58 status unpacked make:amd64 3.81-8.2
2014-11-03 19:54:58 status unpacked make:amd64 3.81-8.2
2014-11-03 19:54:58 trigproc man-db:amd64 2.6.2-1 2.6.2-1
2014-11-03 19:54:58 status half-configured man-db:amd64 2.6.2-1
2014-11-03 19:54:58 status installed man-db:amd64 2.6.2-1
2014-11-03 19:54:59 startup packages configure
2014-11-03 19:54:59 configure make:amd64 3.81-8.2 <none>
2014-11-03 19:54:59 status unpacked make:amd64 3.81-8.2
2014-11-03 19:54:59 status half-configured make:amd64 3.81-8.2
2014-11-03 19:54:59 status installed make:amd64 3.81-8.2
2014-11-03 19:55:08 startup archives unpack
2014-11-03 19:55:08 install libgmp10:amd64 <none> 2:5.0.5+dfsg-2
2014-11-03 19:55:08 status half-installed libgmp10:amd64 2:5.0.5+dfsg-2
2014-11-03 19:55:08 status unpacked libgmp10:amd64 2:5.0.5+dfsg-2
2014-11-03 19:55:08 status unpacked libgmp10:amd64 2:5.0.5+dfsg-2
2014-11-03 19:55:08 install libitm1:amd64 <none> 4.7.2-5
2014-11-03 19:55:08 status half-installed libitm1:amd64 4.7.2-5
2014-11-03 19:55:08 status unpacked libitm1:amd64 4.7.2-5
2014-11-03 19:55:08 status unpacked libitm1:amd64 4.7.2-5
2014-11-03 19:55:09 install libmpfr4:amd64 <none> 3.1.0-5
2014-11-03 19:55:09 status half-installed libmpfr4:amd64 3.1.0-5
2014-11-03 19:55:09 status unpacked libmpfr4:amd64 3.1.0-5
2014-11-03 19:55:09 status unpacked libmpfr4:amd64 3.1.0-5
2014-11-03 19:55:09 install libquadmath0:amd64 <none> 4.7.2-5
2014-11-03 19:55:09 status half-installed libquadmath0:amd64 4.7.2-5
2014-11-03 19:55:09 status unpacked libquadmath0:amd64 4.7.2-5
2014-11-03 19:55:09 status unpacked libquadmath0:amd64 4.7.2-5
2014-11-03 19:55:09 install libmpc2:amd64 <none> 0.9-4
2014-11-03 19:55:09 status half-installed libmpc2:amd64 0.9-4
2014-11-03 19:55:09 status unpacked libmpc2:amd64 0.9-4
2014-11-03 19:55:09 status unpacked libmpc2:amd64 0.9-4
2014-11-03 19:55:09 install binutils:amd64 <none> 2.22-8
2014-11-03 19:55:09 status half-installed binutils:amd64 2.22-8
2014-11-03 19:55:09 status triggers-pending man-db:amd64 2.6.2-1
2014-11-03 19:55:09 status half-installed binutils:amd64 2.22-8
2014-11-03 19:55:09 status unpacked binutils:amd64 2.22-8
2014-11-03 19:55:09 status unpacked binutils:amd64 2.22-8
2014-11-03 19:55:09 install cpp-4.7:amd64 <none> 4.7.2-5
2014-11-03 19:55:09 status half-installed cpp-4.7:amd64 4.7.2-5
2014-11-03 19:55:10 status unpacked cpp-4.7:amd64 4.7.2-5
2014-11-03 19:55:10 status unpacked cpp-4.7:amd64 4.7.2-5
2014-11-03 19:55:10 install cpp:amd64 <none> 4:4.7.2-1
2014-11-03 19:55:10 status half-installed cpp:amd64 4:4.7.2-1
2014-11-03 19:55:10 status half-installed cpp:amd64 4:4.7.2-1
2014-11-03 19:55:10 status unpacked cpp:amd64 4:4.7.2-1
2014-11-03 19:55:10 status unpacked cpp:amd64 4:4.7.2-1
2014-11-03 19:55:10 install gcc-4.7:amd64 <none> 4.7.2-5
2014-11-03 19:55:10 status half-installed gcc-4.7:amd64 4.7.2-5
2014-11-03 19:55:10 status half-installed gcc-4.7:amd64 4.7.2-5
2014-11-03 19:55:10 status unpacked gcc-4.7:amd64 4.7.2-5
2014-11-03 19:55:10 status unpacked gcc-4.7:amd64 4.7.2-5
2014-11-03 19:55:10 install gcc:amd64 <none> 4:4.7.2-1
2014-11-03 19:55:10 status half-installed gcc:amd64 4:4.7.2-1
2014-11-03 19:55:10 status half-installed gcc:amd64 4:4.7.2-1
2014-11-03 19:55:10 status unpacked gcc:amd64 4:4.7.2-1
2014-11-03 19:55:10 status unpacked gcc:amd64 4:4.7.2-1
2014-11-03 19:55:10 install libc-dev-bin:amd64 <none> 2.13-38+deb7u6
2014-11-03 19:55:10 status half-installed libc-dev-bin:amd64 2.13-38+deb7u6
2014-11-03 19:55:10 status half-installed libc-dev-bin:amd64 2.13-38+deb7u6
2014-11-03 19:55:10 status unpacked libc-dev-bin:amd64 2.13-38+deb7u6
2014-11-03 19:55:10 status unpacked libc-dev-bin:amd64 2.13-38+deb7u6
2014-11-03 19:55:10 install linux-libc-dev:amd64 <none> 3.2.63-2+deb7u1
2014-11-03 19:55:10 status half-installed linux-libc-dev:amd64 3.2.63-2+deb7u1
2014-11-03 19:55:11 status unpacked linux-libc-dev:amd64 3.2.63-2+deb7u1
2014-11-03 19:55:11 status unpacked linux-libc-dev:amd64 3.2.63-2+deb7u1
2014-11-03 19:55:11 install libc6-dev:amd64 <none> 2.13-38+deb7u6
2014-11-03 19:55:11 status half-installed libc6-dev:amd64 2.13-38+deb7u6
2014-11-03 19:55:11 status unpacked libc6-dev:amd64 2.13-38+deb7u6
2014-11-03 19:55:11 status unpacked libc6-dev:amd64 2.13-38+deb7u6
2014-11-03 19:55:11 install manpages-dev:all <none> 3.44-1
2014-11-03 19:55:11 status half-installed manpages-dev:all 3.44-1
2014-11-03 19:55:11 status half-installed manpages-dev:all 3.44-1
2014-11-03 19:55:11 status unpacked manpages-dev:all 3.44-1
2014-11-03 19:55:11 status unpacked manpages-dev:all 3.44-1
2014-11-03 19:55:11 trigproc man-db:amd64 2.6.2-1 2.6.2-1
2014-11-03 19:55:11 status half-configured man-db:amd64 2.6.2-1
2014-11-03 19:55:14 status installed man-db:amd64 2.6.2-1
2014-11-03 19:55:14 startup packages configure
2014-11-03 19:55:14 configure libgmp10:amd64 2:5.0.5+dfsg-2 <none>
2014-11-03 19:55:14 status unpacked libgmp10:amd64 2:5.0.5+dfsg-2
2014-11-03 19:55:14 status half-configured libgmp10:amd64 2:5.0.5+dfsg-2
2014-11-03 19:55:14 status installed libgmp10:amd64 2:5.0.5+dfsg-2
2014-11-03 19:55:14 configure libitm1:amd64 4.7.2-5 <none>
2014-11-03 19:55:14 status unpacked libitm1:amd64 4.7.2-5
2014-11-03 19:55:14 status half-configured libitm1:amd64 4.7.2-5
2014-11-03 19:55:14 status installed libitm1:amd64 4.7.2-5
2014-11-03 19:55:14 configure libmpfr4:amd64 3.1.0-5 <none>
2014-11-03 19:55:14 status unpacked libmpfr4:amd64 3.1.0-5
2014-11-03 19:55:14 status half-configured libmpfr4:amd64 3.1.0-5
2014-11-03 19:55:14 status installed libmpfr4:amd64 3.1.0-5
2014-11-03 19:55:14 configure libquadmath0:amd64 4.7.2-5 <none>
2014-11-03 19:55:14 status unpacked libquadmath0:amd64 4.7.2-5
2014-11-03 19:55:14 status half-configured libquadmath0:amd64 4.7.2-5
2014-11-03 19:55:14 status installed libquadmath0:amd64 4.7.2-5
2014-11-03 19:55:14 configure libmpc2:amd64 0.9-4 <none>
2014-11-03 19:55:14 status unpacked libmpc2:amd64 0.9-4
2014-11-03 19:55:14 status half-configured libmpc2:amd64 0.9-4
2014-11-03 19:55:14 status installed libmpc2:amd64 0.9-4
2014-11-03 19:55:14 configure binutils:amd64 2.22-8 <none>
2014-11-03 19:55:14 status unpacked binutils:amd64 2.22-8
2014-11-03 19:55:14 status half-configured binutils:amd64 2.22-8
2014-11-03 19:55:14 status installed binutils:amd64 2.22-8
2014-11-03 19:55:14 configure cpp-4.7:amd64 4.7.2-5 <none>
2014-11-03 19:55:14 status unpacked cpp-4.7:amd64 4.7.2-5
2014-11-03 19:55:14 status half-configured cpp-4.7:amd64 4.7.2-5
2014-11-03 19:55:14 status installed cpp-4.7:amd64 4.7.2-5
2014-11-03 19:55:14 configure cpp:amd64 4:4.7.2-1 <none>
2014-11-03 19:55:14 status unpacked cpp:amd64 4:4.7.2-1
2014-11-03 19:55:14 status half-configured cpp:amd64 4:4.7.2-1
2014-11-03 19:55:14 status installed cpp:amd64 4:4.7.2-1
2014-11-03 19:55:14 configure gcc-4.7:amd64 4.7.2-5 <none>
2014-11-03 19:55:14 status unpacked gcc-4.7:amd64 4.7.2-5
2014-11-03 19:55:14 status half-configured gcc-4.7:amd64 4.7.2-5
2014-11-03 19:55:14 status installed gcc-4.7:amd64 4.7.2-5
2014-11-03 19:55:14 configure gcc:amd64 4:4.7.2-1 <none>
2014-11-03 19:55:14 status unpacked gcc:amd64 4:4.7.2-1
2014-11-03 19:55:14 status half-configured gcc:amd64 4:4.7.2-1
2014-11-03 19:55:15 status installed gcc:amd64 4:4.7.2-1
2014-11-03 19:55:15 configure libc-dev-bin:amd64 2.13-38+deb7u6 <none>
2014-11-03 19:55:15 status unpacked libc-dev-bin:amd64 2.13-38+deb7u6
2014-11-03 19:55:15 status half-configured libc-dev-bin:amd64 2.13-38+deb7u6
2014-11-03 19:55:15 status installed libc-dev-bin:amd64 2.13-38+deb7u6
2014-11-03 19:55:15 configure linux-libc-dev:amd64 3.2.63-2+deb7u1 <none>
2014-11-03 19:55:15 status unpacked linux-libc-dev:amd64 3.2.63-2+deb7u1
2014-11-03 19:55:15 status half-configured linux-libc-dev:amd64 3.2.63-2+deb7u1
2014-11-03 19:55:15 status installed linux-libc-dev:amd64 3.2.63-2+deb7u1
2014-11-03 19:55:15 configure libc6-dev:amd64 2.13-38+deb7u6 <none>
2014-11-03 19:55:15 status unpacked libc6-dev:amd64 2.13-38+deb7u6
2014-11-03 19:55:15 status half-configured libc6-dev:amd64 2.13-38+deb7u6
2014-11-03 19:55:15 status installed libc6-dev:amd64 2.13-38+deb7u6
2014-11-03 19:55:15 configure manpages-dev:all 3.44-1 <none>
2014-11-03 19:55:15 status unpacked manpages-dev:all 3.44-1
2014-11-03 19:55:15 status half-configured manpages-dev:all 3.44-1
2014-11-03 19:55:15 status installed manpages-dev:all 3.44-1
2014-11-04 23:21:44 startup archives unpack
2014-11-04 23:21:44 install figlet:amd64 <none> 2.2.5-2
2014-11-04 23:21:44 status half-installed figlet:amd64 2.2.5-2
2014-11-04 23:21:44 status triggers-pending man-db:amd64 2.6.2-1
2014-11-04 23:21:44 status half-installed figlet:amd64 2.2.5-2
2014-11-04 23:21:44 status unpacked figlet:amd64 2.2.5-2
2014-11-04 23:21:44 status unpacked figlet:amd64 2.2.5-2
2014-11-04 23:21:44 trigproc man-db:amd64 2.6.2-1 2.6.2-1
2014-11-04 23:21:44 status half-configured man-db:amd64 2.6.2-1
2014-11-04 23:21:45 status installed man-db:amd64 2.6.2-1
2014-11-04 23:21:45 startup packages configure
2014-11-04 23:21:45 configure figlet:amd64 2.2.5-2 <none>
2014-11-04 23:21:45 status unpacked figlet:amd64 2.2.5-2
2014-11-04 23:21:45 status half-configured figlet:amd64 2.2.5-2
2014-11-04 23:21:45 status installed figlet:amd64 2.2.5-2
2014-11-04 23:45:01 startup archives unpack
2014-11-04 23:45:01 install librecode0:amd64 <none> 3.6-20
2014-11-04 23:45:01 status half-installed librecode0:amd64 3.6-20
2014-11-04 23:45:01 status unpacked librecode0:amd64 3.6-20
2014-11-04 23:45:01 status unpacked librecode0:amd64 3.6-20
2014-11-04 23:45:01 install fortune-mod:amd64 <none> 1:1.99.1-4
2014-11-04 23:45:01 status half-installed fortune-mod:amd64 1:1.99.1-4
2014-11-04 23:45:01 status triggers-pending man-db:amd64 2.6.2-1
2014-11-04 23:45:01 status half-installed fortune-mod:amd64 1:1.99.1-4
2014-11-04 23:45:01 status unpacked fortune-mod:amd64 1:1.99.1-4
2014-11-04 23:45:01 status unpacked fortune-mod:amd64 1:1.99.1-4
2014-11-04 23:45:02 install fortunes-min:all <none> 1:1.99.1-4
2014-11-04 23:45:02 status half-installed fortunes-min:all 1:1.99.1-4
2014-11-04 23:45:02 status unpacked fortunes-min:all 1:1.99.1-4
2014-11-04 23:45:02 status unpacked fortunes-min:all 1:1.99.1-4
2014-11-04 23:45:02 trigproc man-db:amd64 2.6.2-1 2.6.2-1
2014-11-04 23:45:02 status half-configured man-db:amd64 2.6.2-1
2014-11-04 23:45:02 status installed man-db:amd64 2.6.2-1
2014-11-04 23:45:03 startup packages configure
2014-11-04 23:45:03 configure librecode0:amd64 3.6-20 <none>
2014-11-04 23:45:03 status unpacked librecode0:amd64 3.6-20
2014-11-04 23:45:03 status half-configured librecode0:amd64 3.6-20
2014-11-04 23:45:03 status installed librecode0:amd64 3.6-20
2014-11-04 23:45:03 configure fortune-mod:amd64 1:1.99.1-4 <none>
2014-11-04 23:45:03 status unpacked fortune-mod:amd64 1:1.99.1-4
2014-11-04 23:45:03 status half-configured fortune-mod:amd64 1:1.99.1-4
2014-11-04 23:45:03 status installed fortune-mod:amd64 1:1.99.1-4
2014-11-04 23:45:03 configure fortunes-min:all 1:1.99.1-4 <none>
2014-11-04 23:45:03 status unpacked fortunes-min:all 1:1.99.1-4
2014-11-04 23:45:03 status half-configured fortunes-min:all 1:1.99.1-4
2014-11-04 23:45:03 status installed fortunes-min:all 1:1.99.1-4
2014-11-06 15:33:22 startup archives unpack
2014-11-06 15:33:22 install htop:amd64 <none> 1.0.1-1
2014-11-06 15:33:22 status half-installed htop:amd64 1.0.1-1
2014-11-06 15:33:22 status triggers-pending man-db:amd64 2.6.2-1
2014-11-06 15:33:22 status half-installed htop:amd64 1.0.1-1
2014-11-06 15:33:22 status unpacked htop:amd64 1.0.1-1
2014-11-06 15:33:22 status unpacked htop:amd64 1.0.1-1
2014-11-06 15:33:22 trigproc man-db:amd64 2.6.2-1 2.6.2-1
2014-11-06 15:33:22 status half-configured man-db:amd64 2.6.2-1
2014-11-06 15:33:23 status installed man-db:amd64 2.6.2-1
2014-11-06 15:33:24 startup packages configure
2014-11-06 15:33:24 configure htop:amd64 1.0.1-1 <none>
2014-11-06 15:33:24 status unpacked htop:amd64 1.0.1-1
2014-11-06 15:33:24 status half-configured htop:amd64 1.0.1-1
2014-11-06 15:33:24 status installed htop:amd64 1.0.1-1
2014-11-06 18:15:55 startup archives unpack
2014-11-06 18:15:55 install whois:amd64 <none> 5.1.1~deb7u1
2014-11-06 18:15:55 status half-installed whois:amd64 5.1.1~deb7u1
2014-11-06 18:15:56 status triggers-pending man-db:amd64 2.6.2-1
2014-11-06 18:15:56 status half-installed whois:amd64 5.1.1~deb7u1
2014-11-06 18:15:56 status unpacked whois:amd64 5.1.1~deb7u1
2014-11-06 18:15:56 status unpacked whois:amd64 5.1.1~deb7u1
2014-11-06 18:15:56 trigproc man-db:amd64 2.6.2-1 2.6.2-1
2014-11-06 18:15:56 status half-configured man-db:amd64 2.6.2-1
2014-11-06 18:15:57 status installed man-db:amd64 2.6.2-1
2014-11-06 18:15:58 startup packages configure
2014-11-06 18:15:58 configure whois:amd64 5.1.1~deb7u1 <none>
2014-11-06 18:15:58 status unpacked whois:amd64 5.1.1~deb7u1
2014-11-06 18:15:58 status half-configured whois:amd64 5.1.1~deb7u1
2014-11-06 18:15:58 status installed whois:amd64 5.1.1~deb7u1
